d:\vikto\documents\visual studio 2017\projects\nextgengine\core\x64\debug\vc141.pdb
d:\vikto\documents\visual studio 2017\projects\nextgengine\core\x64\debug\vc141.idb
d:\vikto\documents\visual studio 2017\projects\nextgengine\core\x64\debug\vulkan_graphics_pipeline.obj
d:\vikto\documents\visual studio 2017\projects\nextgengine\core\x64\debug\vulkan_pipeline.obj
d:\vikto\documents\visual studio 2017\projects\nextgengine\core\x64\debug\vulkan_base.obj
d:\vikto\documents\visual studio 2017\projects\nextgengine\core\x64\debug\vulkan_model.obj
d:\vikto\documents\visual studio 2017\projects\nextgengine\core\x64\debug\dyn_mat.obj
d:\vikto\documents\visual studio 2017\projects\nextgengine\core\x64\debug\dyn_vec.obj
d:\vikto\documents\visual studio 2017\projects\nextgengine\core\x64\debug\quaternion.obj
d:\vikto\documents\visual studio 2017\projects\nextgengine\core\x64\debug\model.obj
d:\vikto\documents\visual studio 2017\projects\nextgengine\core\x64\debug\mesh.obj
d:\vikto\documents\visual studio 2017\projects\nextgengine\core\x64\debug\entity.obj
d:\vikto\documents\visual studio 2017\projects\nextgengine\core\x64\debug\debug.obj
d:\vikto\documents\visual studio 2017\projects\nextgengine\core\x64\debug\main.obj
d:\vikto\documents\visual studio 2017\projects\nextgengine\core\x64\debug\mat4.obj
d:\vikto\documents\visual studio 2017\projects\nextgengine\core\x64\debug\vec3.obj
d:\vikto\documents\visual studio 2017\projects\nextgengine\core\x64\debug\vec4.obj
d:\vikto\documents\visual studio 2017\projects\nextgengine\core\x64\debug\vec2.obj
d:\vikto\documents\visual studio 2017\projects\nextgengine\core\x64\debug\vertex.obj
d:\vikto\documents\visual studio 2017\projects\nextgengine\core\x64\debug\window.obj
d:\vikto\documents\visual studio 2017\projects\nextgengine\core\x64\debug\allocator.obj
d:\vikto\documents\visual studio 2017\projects\nextgengine\core\x64\debug\vulkan_allocator.obj
d:\vikto\documents\visual studio 2017\projects\nextgengine\core\x64\debug\vec3f.obj
d:\vikto\documents\visual studio 2017\projects\nextgengine\core\x64\debug\vec4f.obj
d:\vikto\documents\visual studio 2017\projects\nextgengine\core\x64\debug\vec2f.obj
d:\vikto\documents\visual studio 2017\projects\nextgengine\core\x64\debug\vec3s.obj
d:\vikto\documents\visual studio 2017\projects\nextgengine\core\x64\debug\scene_node.obj
d:\vikto\documents\visual studio 2017\projects\nextgengine\core\x64\debug\transform_node.obj
d:\vikto\documents\visual studio 2017\projects\nextgengine\core\x64\debug\vkbuffer_region_allocator.obj
d:\vikto\documents\visual studio 2017\projects\nextgengine\core\x64\debug\vertex_index_buffer.obj
d:\vikto\documents\visual studio 2017\projects\nextgengine\core\x64\debug\vulkan_swapchain.obj
d:\vikto\documents\visual studio 2017\projects\nextgengine\core\x64\debug\vulkan_framebuffer.obj
d:\vikto\documents\visual studio 2017\projects\nextgengine\core\x64\debug\vulkan_tools.obj
d:\vikto\documents\visual studio 2017\projects\nextgengine\core\x64\debug\physical_properties.obj
d:\vikto\documents\visual studio 2017\projects\nextgengine\core\x64\debug\aabb.obj
d:\vikto\documents\visual studio 2017\projects\nextgengine\core\x64\debug\group_node.obj
d:\vikto\documents\visual studio 2017\projects\nextgengine\core\x64\debug\scene_graph.obj
d:\vikto\documents\visual studio 2017\projects\nextgengine\core\x64\debug\buffer.obj
d:\vikto\documents\visual studio 2017\projects\nextgengine\core\x64\debug\movement_properties.obj
d:\vikto\documents\visual studio 2017\projects\nextgengine\core\x64\debug\plane.obj
d:\vikto\documents\visual studio 2017\projects\nextgengine\core\x64\debug\fft.obj
d:\vikto\documents\visual studio 2017\projects\nextgengine\core\x64\debug\renderable.obj
d:\vikto\documents\visual studio 2017\projects\nextgengine\core\x64\debug\collidable.obj
d:\vikto\documents\visual studio 2017\projects\nextgengine\core\x64\debug\object.obj
d:\vikto\documents\visual studio 2017\projects\nextgengine\x64\debug\core.ilk
d:\vikto\documents\visual studio 2017\projects\nextgengine\x64\debug\core.exe
d:\vikto\documents\visual studio 2017\projects\nextgengine\x64\debug\core.pdb
c:\users\turbotage\source\repos\nextgengine\core\x64\debug\aabb.obj
c:\users\turbotage\source\repos\nextgengine\core\x64\debug\buffer.obj
c:\users\turbotage\source\repos\nextgengine\core\x64\debug\collidable.obj
c:\users\turbotage\source\repos\nextgengine\core\x64\debug\debug.obj
c:\users\turbotage\source\repos\nextgengine\core\x64\debug\dyn_mat.obj
c:\users\turbotage\source\repos\nextgengine\core\x64\debug\dyn_vec.obj
c:\users\turbotage\source\repos\nextgengine\core\x64\debug\entity.obj
c:\users\turbotage\source\repos\nextgengine\core\x64\debug\fft.obj
c:\users\turbotage\source\repos\nextgengine\core\x64\debug\group_node.obj
c:\users\turbotage\source\repos\nextgengine\core\x64\debug\mesh.obj
c:\users\turbotage\source\repos\nextgengine\core\x64\debug\model.obj
c:\users\turbotage\source\repos\nextgengine\core\x64\debug\movement_properties.obj
c:\users\turbotage\source\repos\nextgengine\core\x64\debug\object.obj
c:\users\turbotage\source\repos\nextgengine\core\x64\debug\physical_properties.obj
c:\users\turbotage\source\repos\nextgengine\core\x64\debug\plane.obj
c:\users\turbotage\source\repos\nextgengine\core\x64\debug\quaternion.obj
c:\users\turbotage\source\repos\nextgengine\core\x64\debug\renderable.obj
c:\users\turbotage\source\repos\nextgengine\core\x64\debug\scene_graph.obj
c:\users\turbotage\source\repos\nextgengine\core\x64\debug\scene_node.obj
c:\users\turbotage\source\repos\nextgengine\core\x64\debug\transform_node.obj
c:\users\turbotage\source\repos\nextgengine\core\x64\debug\vec2.obj
c:\users\turbotage\source\repos\nextgengine\core\x64\debug\vec2f.obj
c:\users\turbotage\source\repos\nextgengine\core\x64\debug\vec3.obj
c:\users\turbotage\source\repos\nextgengine\core\x64\debug\vec3f.obj
c:\users\turbotage\source\repos\nextgengine\core\x64\debug\vec3s.obj
c:\users\turbotage\source\repos\nextgengine\core\x64\debug\vec4.obj
c:\users\turbotage\source\repos\nextgengine\core\x64\debug\vec4f.obj
c:\users\turbotage\source\repos\nextgengine\core\x64\debug\vertex_index_buffer.obj
c:\users\turbotage\source\repos\nextgengine\core\x64\debug\vkbuffer_region_allocator.obj
c:\users\turbotage\source\repos\nextgengine\core\x64\debug\vulkan_base.obj
c:\users\turbotage\source\repos\nextgengine\core\x64\debug\vulkan_framebuffer.obj
c:\users\turbotage\source\repos\nextgengine\core\x64\debug\vulkan_model.obj
c:\users\turbotage\source\repos\nextgengine\core\x64\debug\vulkan_pipeline.obj
c:\users\turbotage\source\repos\nextgengine\core\x64\debug\vulkan_swapchain.obj
c:\users\turbotage\source\repos\nextgengine\core\x64\debug\vulkan_tools.obj
c:\users\turbotage\source\repos\nextgengine\core\x64\debug\vc141.idb
c:\users\turbotage\source\repos\nextgengine\core\x64\debug\vc141.pdb
c:\users\turbotage\source\repos\nextgengine\x64\debug\core.pdb
c:\users\turbotage\source\repos\nextgengine\x64\debug\core.exe
c:\users\turbotage\source\repos\nextgengine\x64\debug\core.ilk
c:\users\turbotage\source\repos\nextgengine\core\x64\debug\core.tlog\cl.command.1.tlog
c:\users\turbotage\source\repos\nextgengine\core\x64\debug\core.tlog\cl.read.1.tlog
c:\users\turbotage\source\repos\nextgengine\core\x64\debug\core.tlog\cl.write.1.tlog
c:\users\turbotage\source\repos\nextgengine\core\x64\debug\core.tlog\link.command.1.tlog
c:\users\turbotage\source\repos\nextgengine\core\x64\debug\core.tlog\link.read.1.tlog
c:\users\turbotage\source\repos\nextgengine\core\x64\debug\core.tlog\link.write.1.tlog
