  vulkan_buffer_allocator.cpp
c:\users\turbotage\documents\gitrepos\nextgengine\core\src\vulkan\memory\vulkan_buffer_allocator.cpp(175): warning C4267: '=': conversion from 'size_t' to 'uint16', possible loss of data
c:\users\turbotage\documents\gitrepos\nextgengine\core\src\vulkan\memory\vulkan_buffer_allocator.cpp(188): warning C4267: 'argument': conversion from 'size_t' to 'uint32_t', possible loss of data
c:\users\turbotage\documents\gitrepos\nextgengine\core\src\vulkan\memory\vulkan_buffer_allocator.cpp(210): warning C4267: '=': conversion from 'size_t' to 'uint16', possible loss of data
c:\users\turbotage\documents\gitrepos\nextgengine\core\src\vulkan\memory\vulkan_buffer_allocator.cpp(222): warning C4267: 'argument': conversion from 'size_t' to 'uint32_t', possible loss of data
c:\program files (x86)\microsoft visual studio\2017\community\vc\tools\msvc\14.15.26726\include\xmemory0(881): error C2661: 'ng::vulkan::VulkanBufferChunk::VulkanBufferChunk': no overloaded function takes 2 arguments
  c:\program files (x86)\microsoft visual studio\2017\community\vc\tools\msvc\14.15.26726\include\list(711): note: see reference to function template instantiation 'void std::_Default_allocator_traits<_Alloc>::construct<_Ty,VkDeviceSize&,VkMemoryAlignment&>(_Alloc &,_Objty *const ,VkDeviceSize &,VkMemoryAlignment &)' being compiled
          with
          [
              _Alloc=std::allocator<std::_List_node<ng::vulkan::VulkanBufferChunk,std::_Default_allocator_traits<std::allocator<ng::vulkan::VulkanBufferChunk>>::void_pointer>>,
              _Ty=ng::vulkan::VulkanBufferChunk,
              _Objty=ng::vulkan::VulkanBufferChunk
          ]
  c:\program files (x86)\microsoft visual studio\2017\community\vc\tools\msvc\14.15.26726\include\list(716): note: see reference to function template instantiation 'void std::_Default_allocator_traits<_Alloc>::construct<_Ty,VkDeviceSize&,VkMemoryAlignment&>(_Alloc &,_Objty *const ,VkDeviceSize &,VkMemoryAlignment &)' being compiled
          with
          [
              _Alloc=std::allocator<std::_List_node<ng::vulkan::VulkanBufferChunk,std::_Default_allocator_traits<std::allocator<ng::vulkan::VulkanBufferChunk>>::void_pointer>>,
              _Ty=ng::vulkan::VulkanBufferChunk,
              _Objty=ng::vulkan::VulkanBufferChunk
          ]
  c:\program files (x86)\microsoft visual studio\2017\community\vc\tools\msvc\14.15.26726\include\list(947): note: see reference to function template instantiation 'std::_List_node<_Ty,std::_Default_allocator_traits<_Alloc>::void_pointer> *std::_List_buy<_Ty,_Alloc>::_Buynode<VkDeviceSize&,VkMemoryAlignment&>(std::_List_node<_Ty,std::_Default_allocator_traits<_Alloc>::void_pointer> *,std::_List_node<_Ty,std::_Default_allocator_traits<_Alloc>::void_pointer> *,VkDeviceSize &,VkMemoryAlignment &)' being compiled
          with
          [
              _Ty=ng::vulkan::VulkanBufferChunk,
              _Alloc=std::allocator<ng::vulkan::VulkanBufferChunk>
          ]
  c:\program files (x86)\microsoft visual studio\2017\community\vc\tools\msvc\14.15.26726\include\list(950): note: see reference to function template instantiation 'std::_List_node<_Ty,std::_Default_allocator_traits<_Alloc>::void_pointer> *std::_List_buy<_Ty,_Alloc>::_Buynode<VkDeviceSize&,VkMemoryAlignment&>(std::_List_node<_Ty,std::_Default_allocator_traits<_Alloc>::void_pointer> *,std::_List_node<_Ty,std::_Default_allocator_traits<_Alloc>::void_pointer> *,VkDeviceSize &,VkMemoryAlignment &)' being compiled
          with
          [
              _Ty=ng::vulkan::VulkanBufferChunk,
              _Alloc=std::allocator<ng::vulkan::VulkanBufferChunk>
          ]
  c:\program files (x86)\microsoft visual studio\2017\community\vc\tools\msvc\14.15.26726\include\list(916): note: see reference to function template instantiation 'void std::list<ng::vulkan::VulkanBufferChunk,std::allocator<_Ty>>::_Insert<VkDeviceSize&,VkMemoryAlignment&>(std::_List_unchecked_const_iterator<std::_List_val<std::_List_simple_types<_Ty>>,std::_Iterator_base0>,VkDeviceSize &,VkMemoryAlignment &)' being compiled
          with
          [
              _Ty=ng::vulkan::VulkanBufferChunk
          ]
  c:\program files (x86)\microsoft visual studio\2017\community\vc\tools\msvc\14.15.26726\include\list(917): note: see reference to function template instantiation 'void std::list<ng::vulkan::VulkanBufferChunk,std::allocator<_Ty>>::_Insert<VkDeviceSize&,VkMemoryAlignment&>(std::_List_unchecked_const_iterator<std::_List_val<std::_List_simple_types<_Ty>>,std::_Iterator_base0>,VkDeviceSize &,VkMemoryAlignment &)' being compiled
          with
          [
              _Ty=ng::vulkan::VulkanBufferChunk
          ]
  c:\users\turbotage\documents\gitrepos\nextgengine\core\src\vulkan\memory\vulkan_buffer_allocator.cpp(5): note: see reference to function template instantiation 'ng::vulkan::VulkanBufferChunk &std::list<ng::vulkan::VulkanBufferChunk,std::allocator<_Ty>>::emplace_front<VkDeviceSize&,VkMemoryAlignment&>(VkDeviceSize &,VkMemoryAlignment &)' being compiled
          with
          [
              _Ty=ng::vulkan::VulkanBufferChunk
          ]
  vulkan_buffer_chunk.cpp
c:\users\turbotage\documents\gitrepos\nextgengine\core\src\vulkan\memory\vulkan_buffer_chunk.cpp(215): warning C4101: 'memTypeFound': unreferenced local variable
c:\program files (x86)\microsoft visual studio\2017\community\vc\tools\msvc\14.15.26726\include\xmemory0(881): error C2661: 'VkBufferCopy::VkBufferCopy': no overloaded function takes 3 arguments
  c:\program files (x86)\microsoft visual studio\2017\community\vc\tools\msvc\14.15.26726\include\vector(900): note: see reference to function template instantiation 'void std::_Default_allocator_traits<_Alloc>::construct<_Ty,VkDeviceSize&,VkDeviceSize&,VkDeviceSize&>(_Alloc &,_Objty *const ,VkDeviceSize &,VkDeviceSize &,VkDeviceSize &)' being compiled
          with
          [
              _Alloc=std::allocator<VkBufferCopy>,
              _Ty=VkBufferCopy,
              _Objty=VkBufferCopy
          ]
  c:\program files (x86)\microsoft visual studio\2017\community\vc\tools\msvc\14.15.26726\include\vector(902): note: see reference to function template instantiation 'void std::_Default_allocator_traits<_Alloc>::construct<_Ty,VkDeviceSize&,VkDeviceSize&,VkDeviceSize&>(_Alloc &,_Objty *const ,VkDeviceSize &,VkDeviceSize &,VkDeviceSize &)' being compiled
          with
          [
              _Alloc=std::allocator<VkBufferCopy>,
              _Ty=VkBufferCopy,
              _Objty=VkBufferCopy
          ]
  c:\program files (x86)\microsoft visual studio\2017\community\vc\tools\msvc\14.15.26726\include\vector(916): note: see reference to function template instantiation '_Ty &std::vector<_Ty,std::allocator<_Ty>>::_Emplace_back_with_unused_capacity<VkDeviceSize&,VkDeviceSize&,VkDeviceSize&>(VkDeviceSize &,VkDeviceSize &,VkDeviceSize &)' being compiled
          with
          [
              _Ty=VkBufferCopy
          ]
  c:\users\turbotage\documents\gitrepos\nextgengine\core\src\vulkan\memory\vulkan_buffer_chunk.cpp(184): note: see reference to function template instantiation '_Ty &std::vector<_Ty,std::allocator<_Ty>>::emplace_back<VkDeviceSize&,VkDeviceSize&,VkDeviceSize&>(VkDeviceSize &,VkDeviceSize &,VkDeviceSize &)' being compiled
          with
          [
              _Ty=VkBufferCopy
          ]
  vulkan_image_allocator.cpp
c:\c&c++\libs\gli\include\gli\core\format.inl(27): error C2039: 'u8vec3': is not a member of 'glm'
  c:\c&c++\libs\glm\include\glm\ext\vector_uint1_precision.hpp(21): note: see declaration of 'glm'
c:\c&c++\libs\gli\include\gli\core\format.inl(27): error C3646: 'BlockExtent': unknown override specifier
c:\c&c++\libs\gli\include\gli\core\format.inl(27): error C4430: missing type specifier - int assumed. Note: C++ does not support default-int
c:\c&c++\libs\gli\include\gli\core\format.inl(39): error C2039: 'u8vec3': is not a member of 'glm'
  c:\c&c++\libs\glm\include\glm\ext\vector_uint1_precision.hpp(21): note: see declaration of 'glm'
c:\c&c++\libs\gli\include\gli\core\format.inl(39): error C3861: 'u8vec3': identifier not found
c:\c&c++\libs\gli\include\gli\core\format.inl(40): error C2039: 'u8vec3': is not a member of 'glm'
  c:\c&c++\libs\glm\include\glm\ext\vector_uint1_precision.hpp(21): note: see declaration of 'glm'
c:\c&c++\libs\gli\include\gli\core\format.inl(40): error C3861: 'u8vec3': identifier not found
c:\c&c++\libs\gli\include\gli\core\format.inl(41): error C2039: 'u8vec3': is not a member of 'glm'
  c:\c&c++\libs\glm\include\glm\ext\vector_uint1_precision.hpp(21): note: see declaration of 'glm'
c:\c&c++\libs\gli\include\gli\core\format.inl(41): error C3861: 'u8vec3': identifier not found
c:\c&c++\libs\gli\include\gli\core\format.inl(42): error C2039: 'u8vec3': is not a member of 'glm'
  c:\c&c++\libs\glm\include\glm\ext\vector_uint1_precision.hpp(21): note: see declaration of 'glm'
c:\c&c++\libs\gli\include\gli\core\format.inl(42): error C3861: 'u8vec3': identifier not found
c:\c&c++\libs\gli\include\gli\core\format.inl(43): error C2039: 'u8vec3': is not a member of 'glm'
  c:\c&c++\libs\glm\include\glm\ext\vector_uint1_precision.hpp(21): note: see declaration of 'glm'
c:\c&c++\libs\gli\include\gli\core\format.inl(43): error C3861: 'u8vec3': identifier not found
c:\c&c++\libs\gli\include\gli\core\format.inl(44): error C2039: 'u8vec3': is not a member of 'glm'
  c:\c&c++\libs\glm\include\glm\ext\vector_uint1_precision.hpp(21): note: see declaration of 'glm'
c:\c&c++\libs\gli\include\gli\core\format.inl(44): error C3861: 'u8vec3': identifier not found
c:\c&c++\libs\gli\include\gli\core\format.inl(45): error C2039: 'u8vec3': is not a member of 'glm'
  c:\c&c++\libs\glm\include\glm\ext\vector_uint1_precision.hpp(21): note: see declaration of 'glm'
c:\c&c++\libs\gli\include\gli\core\format.inl(45): error C3861: 'u8vec3': identifier not found
c:\c&c++\libs\gli\include\gli\core\format.inl(46): error C2039: 'u8vec3': is not a member of 'glm'
  c:\c&c++\libs\glm\include\glm\ext\vector_uint1_precision.hpp(21): note: see declaration of 'glm'
c:\c&c++\libs\gli\include\gli\core\format.inl(46): error C3861: 'u8vec3': identifier not found
c:\c&c++\libs\gli\include\gli\core\format.inl(48): error C2039: 'u8vec3': is not a member of 'glm'
  c:\c&c++\libs\glm\include\glm\ext\vector_uint1_precision.hpp(21): note: see declaration of 'glm'
c:\c&c++\libs\gli\include\gli\core\format.inl(48): error C3861: 'u8vec3': identifier not found
c:\c&c++\libs\gli\include\gli\core\format.inl(49): error C2039: 'u8vec3': is not a member of 'glm'
  c:\c&c++\libs\glm\include\glm\ext\vector_uint1_precision.hpp(21): note: see declaration of 'glm'
c:\c&c++\libs\gli\include\gli\core\format.inl(49): error C3861: 'u8vec3': identifier not found
c:\c&c++\libs\gli\include\gli\core\format.inl(50): error C2039: 'u8vec3': is not a member of 'glm'
  c:\c&c++\libs\glm\include\glm\ext\vector_uint1_precision.hpp(21): note: see declaration of 'glm'
c:\c&c++\libs\gli\include\gli\core\format.inl(50): error C3861: 'u8vec3': identifier not found
c:\c&c++\libs\gli\include\gli\core\format.inl(51): error C2039: 'u8vec3': is not a member of 'glm'
  c:\c&c++\libs\glm\include\glm\ext\vector_uint1_precision.hpp(21): note: see declaration of 'glm'
c:\c&c++\libs\gli\include\gli\core\format.inl(51): error C3861: 'u8vec3': identifier not found
c:\c&c++\libs\gli\include\gli\core\format.inl(52): error C2039: 'u8vec3': is not a member of 'glm'
  c:\c&c++\libs\glm\include\glm\ext\vector_uint1_precision.hpp(21): note: see declaration of 'glm'
c:\c&c++\libs\gli\include\gli\core\format.inl(52): error C3861: 'u8vec3': identifier not found
c:\c&c++\libs\gli\include\gli\core\format.inl(53): error C2039: 'u8vec3': is not a member of 'glm'
  c:\c&c++\libs\glm\include\glm\ext\vector_uint1_precision.hpp(21): note: see declaration of 'glm'
c:\c&c++\libs\gli\include\gli\core\format.inl(53): error C3861: 'u8vec3': identifier not found
c:\c&c++\libs\gli\include\gli\core\format.inl(54): error C2039: 'u8vec3': is not a member of 'glm'
  c:\c&c++\libs\glm\include\glm\ext\vector_uint1_precision.hpp(21): note: see declaration of 'glm'
c:\c&c++\libs\gli\include\gli\core\format.inl(54): error C3861: 'u8vec3': identifier not found
c:\c&c++\libs\gli\include\gli\core\format.inl(56): error C2039: 'u8vec3': is not a member of 'glm'
  c:\c&c++\libs\glm\include\glm\ext\vector_uint1_precision.hpp(21): note: see declaration of 'glm'
c:\c&c++\libs\gli\include\gli\core\format.inl(56): error C3861: 'u8vec3': identifier not found
c:\c&c++\libs\gli\include\gli\core\format.inl(57): error C2039: 'u8vec3': is not a member of 'glm'
  c:\c&c++\libs\glm\include\glm\ext\vector_uint1_precision.hpp(21): note: see declaration of 'glm'
c:\c&c++\libs\gli\include\gli\core\format.inl(57): error C3861: 'u8vec3': identifier not found
c:\c&c++\libs\gli\include\gli\core\format.inl(58): error C2039: 'u8vec3': is not a member of 'glm'
  c:\c&c++\libs\glm\include\glm\ext\vector_uint1_precision.hpp(21): note: see declaration of 'glm'
c:\c&c++\libs\gli\include\gli\core\format.inl(58): error C3861: 'u8vec3': identifier not found
c:\c&c++\libs\gli\include\gli\core\format.inl(59): error C2039: 'u8vec3': is not a member of 'glm'
  c:\c&c++\libs\glm\include\glm\ext\vector_uint1_precision.hpp(21): note: see declaration of 'glm'
c:\c&c++\libs\gli\include\gli\core\format.inl(59): error C3861: 'u8vec3': identifier not found
c:\c&c++\libs\gli\include\gli\core\format.inl(60): error C2039: 'u8vec3': is not a member of 'glm'
  c:\c&c++\libs\glm\include\glm\ext\vector_uint1_precision.hpp(21): note: see declaration of 'glm'
c:\c&c++\libs\gli\include\gli\core\format.inl(60): error C3861: 'u8vec3': identifier not found
c:\c&c++\libs\gli\include\gli\core\format.inl(61): error C2039: 'u8vec3': is not a member of 'glm'
  c:\c&c++\libs\glm\include\glm\ext\vector_uint1_precision.hpp(21): note: see declaration of 'glm'
c:\c&c++\libs\gli\include\gli\core\format.inl(61): error C3861: 'u8vec3': identifier not found
c:\c&c++\libs\gli\include\gli\core\format.inl(62): error C2039: 'u8vec3': is not a member of 'glm'
  c:\c&c++\libs\glm\include\glm\ext\vector_uint1_precision.hpp(21): note: see declaration of 'glm'
c:\c&c++\libs\gli\include\gli\core\format.inl(62): error C3861: 'u8vec3': identifier not found
c:\c&c++\libs\gli\include\gli\core\format.inl(64): error C2039: 'u8vec3': is not a member of 'glm'
  c:\c&c++\libs\glm\include\glm\ext\vector_uint1_precision.hpp(21): note: see declaration of 'glm'
c:\c&c++\libs\gli\include\gli\core\format.inl(64): error C3861: 'u8vec3': identifier not found
c:\c&c++\libs\gli\include\gli\core\format.inl(65): error C2039: 'u8vec3': is not a member of 'glm'
  c:\c&c++\libs\glm\include\glm\ext\vector_uint1_precision.hpp(21): note: see declaration of 'glm'
c:\c&c++\libs\gli\include\gli\core\format.inl(65): error C3861: 'u8vec3': identifier not found
c:\c&c++\libs\gli\include\gli\core\format.inl(66): error C2039: 'u8vec3': is not a member of 'glm'
  c:\c&c++\libs\glm\include\glm\ext\vector_uint1_precision.hpp(21): note: see declaration of 'glm'
c:\c&c++\libs\gli\include\gli\core\format.inl(66): error C3861: 'u8vec3': identifier not found
c:\c&c++\libs\gli\include\gli\core\format.inl(67): error C2039: 'u8vec3': is not a member of 'glm'
  c:\c&c++\libs\glm\include\glm\ext\vector_uint1_precision.hpp(21): note: see declaration of 'glm'
c:\c&c++\libs\gli\include\gli\core\format.inl(67): error C3861: 'u8vec3': identifier not found
c:\c&c++\libs\gli\include\gli\core\format.inl(68): error C2039: 'u8vec3': is not a member of 'glm'
  c:\c&c++\libs\glm\include\glm\ext\vector_uint1_precision.hpp(21): note: see declaration of 'glm'
c:\c&c++\libs\gli\include\gli\core\format.inl(68): error C3861: 'u8vec3': identifier not found
c:\c&c++\libs\gli\include\gli\core\format.inl(69): error C2039: 'u8vec3': is not a member of 'glm'
  c:\c&c++\libs\glm\include\glm\ext\vector_uint1_precision.hpp(21): note: see declaration of 'glm'
c:\c&c++\libs\gli\include\gli\core\format.inl(69): error C3861: 'u8vec3': identifier not found
c:\c&c++\libs\gli\include\gli\core\format.inl(70): error C2039: 'u8vec3': is not a member of 'glm'
  c:\c&c++\libs\glm\include\glm\ext\vector_uint1_precision.hpp(21): note: see declaration of 'glm'
c:\c&c++\libs\gli\include\gli\core\format.inl(70): error C3861: 'u8vec3': identifier not found
c:\c&c++\libs\gli\include\gli\core\format.inl(72): error C2039: 'u8vec3': is not a member of 'glm'
  c:\c&c++\libs\glm\include\glm\ext\vector_uint1_precision.hpp(21): note: see declaration of 'glm'
c:\c&c++\libs\gli\include\gli\core\format.inl(72): error C3861: 'u8vec3': identifier not found
c:\c&c++\libs\gli\include\gli\core\format.inl(73): error C2039: 'u8vec3': is not a member of 'glm'
  c:\c&c++\libs\glm\include\glm\ext\vector_uint1_precision.hpp(21): note: see declaration of 'glm'
c:\c&c++\libs\gli\include\gli\core\format.inl(73): error C3861: 'u8vec3': identifier not found
c:\c&c++\libs\gli\include\gli\core\format.inl(74): error C2039: 'u8vec3': is not a member of 'glm'
  c:\c&c++\libs\glm\include\glm\ext\vector_uint1_precision.hpp(21): note: see declaration of 'glm'
c:\c&c++\libs\gli\include\gli\core\format.inl(74): error C3861: 'u8vec3': identifier not found
c:\c&c++\libs\gli\include\gli\core\format.inl(75): error C2039: 'u8vec3': is not a member of 'glm'
  c:\c&c++\libs\glm\include\glm\ext\vector_uint1_precision.hpp(21): note: see declaration of 'glm'
c:\c&c++\libs\gli\include\gli\core\format.inl(75): error C3861: 'u8vec3': identifier not found
c:\c&c++\libs\gli\include\gli\core\format.inl(76): error C2039: 'u8vec3': is not a member of 'glm'
  c:\c&c++\libs\glm\include\glm\ext\vector_uint1_precision.hpp(21): note: see declaration of 'glm'
c:\c&c++\libs\gli\include\gli\core\format.inl(76): error C3861: 'u8vec3': identifier not found
c:\c&c++\libs\gli\include\gli\core\format.inl(77): error C2039: 'u8vec3': is not a member of 'glm'
  c:\c&c++\libs\glm\include\glm\ext\vector_uint1_precision.hpp(21): note: see declaration of 'glm'
c:\c&c++\libs\gli\include\gli\core\format.inl(77): error C3861: 'u8vec3': identifier not found
c:\c&c++\libs\gli\include\gli\core\format.inl(78): error C2039: 'u8vec3': is not a member of 'glm'
  c:\c&c++\libs\glm\include\glm\ext\vector_uint1_precision.hpp(21): note: see declaration of 'glm'
c:\c&c++\libs\gli\include\gli\core\format.inl(78): error C3861: 'u8vec3': identifier not found
c:\c&c++\libs\gli\include\gli\core\format.inl(80): error C2039: 'u8vec3': is not a member of 'glm'
  c:\c&c++\libs\glm\include\glm\ext\vector_uint1_precision.hpp(21): note: see declaration of 'glm'
c:\c&c++\libs\gli\include\gli\core\format.inl(80): error C3861: 'u8vec3': identifier not found
c:\c&c++\libs\gli\include\gli\core\format.inl(81): error C2039: 'u8vec3': is not a member of 'glm'
  c:\c&c++\libs\glm\include\glm\ext\vector_uint1_precision.hpp(21): note: see declaration of 'glm'
c:\c&c++\libs\gli\include\gli\core\format.inl(81): error C3861: 'u8vec3': identifier not found
c:\c&c++\libs\gli\include\gli\core\format.inl(82): error C2039: 'u8vec3': is not a member of 'glm'
  c:\c&c++\libs\glm\include\glm\ext\vector_uint1_precision.hpp(21): note: see declaration of 'glm'
c:\c&c++\libs\gli\include\gli\core\format.inl(82): error C3861: 'u8vec3': identifier not found
c:\c&c++\libs\gli\include\gli\core\format.inl(83): error C2039: 'u8vec3': is not a member of 'glm'
  c:\c&c++\libs\glm\include\glm\ext\vector_uint1_precision.hpp(21): note: see declaration of 'glm'
c:\c&c++\libs\gli\include\gli\core\format.inl(83): error C3861: 'u8vec3': identifier not found
c:\c&c++\libs\gli\include\gli\core\format.inl(84): error C2039: 'u8vec3': is not a member of 'glm'
  c:\c&c++\libs\glm\include\glm\ext\vector_uint1_precision.hpp(21): note: see declaration of 'glm'
c:\c&c++\libs\gli\include\gli\core\format.inl(84): error C3861: 'u8vec3': identifier not found
c:\c&c++\libs\gli\include\gli\core\format.inl(85): error C2039: 'u8vec3': is not a member of 'glm'
  c:\c&c++\libs\glm\include\glm\ext\vector_uint1_precision.hpp(21): note: see declaration of 'glm'
c:\c&c++\libs\gli\include\gli\core\format.inl(85): error C3861: 'u8vec3': identifier not found
c:\c&c++\libs\gli\include\gli\core\format.inl(86): error C2039: 'u8vec3': is not a member of 'glm'
  c:\c&c++\libs\glm\include\glm\ext\vector_uint1_precision.hpp(21): note: see declaration of 'glm'
c:\c&c++\libs\gli\include\gli\core\format.inl(86): error C3861: 'u8vec3': identifier not found
c:\c&c++\libs\gli\include\gli\core\format.inl(88): error C2039: 'u8vec3': is not a member of 'glm'
  c:\c&c++\libs\glm\include\glm\ext\vector_uint1_precision.hpp(21): note: see declaration of 'glm'
c:\c&c++\libs\gli\include\gli\core\format.inl(88): error C3861: 'u8vec3': identifier not found
c:\c&c++\libs\gli\include\gli\core\format.inl(89): error C2039: 'u8vec3': is not a member of 'glm'
  c:\c&c++\libs\glm\include\glm\ext\vector_uint1_precision.hpp(21): note: see declaration of 'glm'
c:\c&c++\libs\gli\include\gli\core\format.inl(89): error C3861: 'u8vec3': identifier not found
c:\c&c++\libs\gli\include\gli\core\format.inl(90): error C2039: 'u8vec3': is not a member of 'glm'
  c:\c&c++\libs\glm\include\glm\ext\vector_uint1_precision.hpp(21): note: see declaration of 'glm'
c:\c&c++\libs\gli\include\gli\core\format.inl(90): error C3861: 'u8vec3': identifier not found
c:\c&c++\libs\gli\include\gli\core\format.inl(91): error C2039: 'u8vec3': is not a member of 'glm'
  c:\c&c++\libs\glm\include\glm\ext\vector_uint1_precision.hpp(21): note: see declaration of 'glm'
c:\c&c++\libs\gli\include\gli\core\format.inl(91): error C3861: 'u8vec3': identifier not found
c:\c&c++\libs\gli\include\gli\core\format.inl(92): error C2039: 'u8vec3': is not a member of 'glm'
  c:\c&c++\libs\glm\include\glm\ext\vector_uint1_precision.hpp(21): note: see declaration of 'glm'
c:\c&c++\libs\gli\include\gli\core\format.inl(92): error C3861: 'u8vec3': identifier not found
c:\c&c++\libs\gli\include\gli\core\format.inl(93): error C2039: 'u8vec3': is not a member of 'glm'
  c:\c&c++\libs\glm\include\glm\ext\vector_uint1_precision.hpp(21): note: see declaration of 'glm'
c:\c&c++\libs\gli\include\gli\core\format.inl(93): error C3861: 'u8vec3': identifier not found
c:\c&c++\libs\gli\include\gli\core\format.inl(94): error C2039: 'u8vec3': is not a member of 'glm'
  c:\c&c++\libs\glm\include\glm\ext\vector_uint1_precision.hpp(21): note: see declaration of 'glm'
c:\c&c++\libs\gli\include\gli\core\format.inl(94): fatal error C1003: error count exceeds 100; stopping compilation
  culling_walker.cpp
c:\users\turbotage\documents\gitrepos\nextgengine\core\src\scenegraph\culling_walker.cpp(90): warning C4101: 'distances': unreferenced local variable
c:\program files (x86)\microsoft visual studio\2017\community\vc\tools\msvc\14.15.26726\include\xmemory0(881): error C2664: 'std::pair<const _Kty,_Ty>::pair(std::pair<const _Kty,_Ty> &&)': cannot convert argument 2 from '_Ty' to 'const _Ty2 &'
          with
          [
              _Kty=ng::vulkan::VulkanGraphicsPipeline *,
              _Ty=std::unordered_map<std::_List_iterator<std::_List_val<std::_List_simple_types<ng::scenegraph::RenderState>>>,std::unordered_set<ng::scenegraph::RenderableNode *,std::hash<ng::scenegraph::RenderableNode *>,std::equal_to<ng::scenegraph::RenderableNode *>,std::allocator<ng::scenegraph::RenderableNode *>>,std::hash<std::_List_iterator<std::_List_val<std::_List_simple_types<ng::scenegraph::RenderState>>>>,std::equal_to<std::_List_iterator<std::_List_val<std::_List_simple_types<ng::scenegraph::RenderState>>>>,std::allocator<std::pair<const std::_List_iterator<std::_List_val<std::_List_simple_types<ng::scenegraph::RenderState>>>,std::unordered_set<ng::scenegraph::RenderableNode *,std::hash<ng::scenegraph::RenderableNode *>,std::equal_to<ng::scenegraph::RenderableNode *>,std::allocator<ng::scenegraph::RenderableNode *>>>>>
          ]
          and
          [
              _Ty=std::pair<std::_List_iterator<std::_List_val<std::_List_simple_types<ng::scenegraph::RenderState>>>,ng::scenegraph::RenderableNode *>
          ]
          and
          [
              _Ty2=std::unordered_map<std::_List_iterator<std::_List_val<std::_List_simple_types<ng::scenegraph::RenderState>>>,std::unordered_set<ng::scenegraph::RenderableNode *,std::hash<ng::scenegraph::RenderableNode *>,std::equal_to<ng::scenegraph::RenderableNode *>,std::allocator<ng::scenegraph::RenderableNode *>>,std::hash<std::_List_iterator<std::_List_val<std::_List_simple_types<ng::scenegraph::RenderState>>>>,std::equal_to<std::_List_iterator<std::_List_val<std::_List_simple_types<ng::scenegraph::RenderState>>>>,std::allocator<std::pair<const std::_List_iterator<std::_List_val<std::_List_simple_types<ng::scenegraph::RenderState>>>,std::unordered_set<ng::scenegraph::RenderableNode *,std::hash<ng::scenegraph::RenderableNode *>,std::equal_to<ng::scenegraph::RenderableNode *>,std::allocator<ng::scenegraph::RenderableNode *>>>>>
          ]
  c:\program files (x86)\microsoft visual studio\2017\community\vc\tools\msvc\14.15.26726\include\xmemory0(879): note: Reason: cannot convert from '_Ty' to 'const _Ty2'
          with
          [
              _Ty=std::pair<std::_List_iterator<std::_List_val<std::_List_simple_types<ng::scenegraph::RenderState>>>,ng::scenegraph::RenderableNode *>
          ]
          and
          [
              _Ty2=std::unordered_map<std::_List_iterator<std::_List_val<std::_List_simple_types<ng::scenegraph::RenderState>>>,std::unordered_set<ng::scenegraph::RenderableNode *,std::hash<ng::scenegraph::RenderableNode *>,std::equal_to<ng::scenegraph::RenderableNode *>,std::allocator<ng::scenegraph::RenderableNode *>>,std::hash<std::_List_iterator<std::_List_val<std::_List_simple_types<ng::scenegraph::RenderState>>>>,std::equal_to<std::_List_iterator<std::_List_val<std::_List_simple_types<ng::scenegraph::RenderState>>>>,std::allocator<std::pair<const std::_List_iterator<std::_List_val<std::_List_simple_types<ng::scenegraph::RenderState>>>,std::unordered_set<ng::scenegraph::RenderableNode *,std::hash<ng::scenegraph::RenderableNode *>,std::equal_to<ng::scenegraph::RenderableNode *>,std::allocator<ng::scenegraph::RenderableNode *>>>>>
          ]
  c:\program files (x86)\microsoft visual studio\2017\community\vc\tools\msvc\14.15.26726\include\xmemory0(879): note: No user-defined-conversion operator available that can perform this conversion, or the operator cannot be called
  c:\program files (x86)\microsoft visual studio\2017\community\vc\tools\msvc\14.15.26726\include\list(711): note: see reference to function template instantiation 'void std::_Default_allocator_traits<_Alloc>::construct<_Ty,ng::vulkan::VulkanGraphicsPipeline*&,std::pair<std::_List_iterator<std::_List_val<std::_List_simple_types<ng::scenegraph::RenderState>>>,ng::scenegraph::RenderableNode *>>(_Alloc &,_Objty *const ,ng::vulkan::VulkanGraphicsPipeline *&,std::pair<std::_List_iterator<std::_List_val<std::_List_simple_types<ng::scenegraph::RenderState>>>,ng::scenegraph::RenderableNode *> &&)' being compiled
          with
          [
              _Alloc=std::allocator<std::_List_node<std::pair<ng::vulkan::VulkanGraphicsPipeline *const ,std::unordered_map<std::_List_iterator<std::_List_val<std::_List_simple_types<ng::scenegraph::RenderState>>>,std::unordered_set<ng::scenegraph::RenderableNode *,std::hash<ng::scenegraph::RenderableNode *>,std::equal_to<ng::scenegraph::RenderableNode *>,std::allocator<ng::scenegraph::RenderableNode *>>,std::hash<std::_List_iterator<std::_List_val<std::_List_simple_types<ng::scenegraph::RenderState>>>>,std::equal_to<std::_List_iterator<std::_List_val<std::_List_simple_types<ng::scenegraph::RenderState>>>>,std::allocator<std::pair<const std::_List_iterator<std::_List_val<std::_List_simple_types<ng::scenegraph::RenderState>>>,std::unordered_set<ng::scenegraph::RenderableNode *,std::hash<ng::scenegraph::RenderableNode *>,std::equal_to<ng::scenegraph::RenderableNode *>,std::allocator<ng::scenegraph::RenderableNode *>>>>>>,std::_Default_allocator_traits<std::allocator<std::pair<ng::vulkan::VulkanGraphicsPipeline *const ,std::unordered_map<std::_List_iterator<std::_List_val<std::_List_simple_types<ng::scenegraph::RenderState>>>,std::unordered_set<ng::scenegraph::RenderableNode *,std::hash<ng::scenegraph::RenderableNode *>,std::equal_to<ng::scenegraph::RenderableNode *>,std::allocator<ng::scenegraph::RenderableNode *>>,std::hash<std::_List_iterator<std::_List_val<std::_List_simple_types<ng::scenegraph::RenderState>>>>,std::equal_to<std::_List_iterator<std::_List_val<std::_List_simple_types<ng::scenegraph::RenderState>>>>,std::allocator<std::pair<const std::_List_iterator<std::_List_val<std::_List_simple_types<ng::scenegraph::RenderState>>>,std::unordered_set<ng::scenegraph::RenderableNode *,std::hash<ng::scenegraph::RenderableNode *>,std::equal_to<ng::scenegraph::RenderableNode *>,std::allocator<ng::scenegraph::RenderableNode *>>>>>>>>::void_pointer>>,
              _Ty=std::pair<ng::vulkan::VulkanGraphicsPipeline *const ,std::unordered_map<std::_List_iterator<std::_List_val<std::_List_simple_types<ng::scenegraph::RenderState>>>,std::unordered_set<ng::scenegraph::RenderableNode *,std::hash<ng::scenegraph::RenderableNode *>,std::equal_to<ng::scenegraph::RenderableNode *>,std::allocator<ng::scenegraph::RenderableNode *>>,std::hash<std::_List_iterator<std::_List_val<std::_List_simple_types<ng::scenegraph::RenderState>>>>,std::equal_to<std::_List_iterator<std::_List_val<std::_List_simple_types<ng::scenegraph::RenderState>>>>,std::allocator<std::pair<const std::_List_iterator<std::_List_val<std::_List_simple_types<ng::scenegraph::RenderState>>>,std::unordered_set<ng::scenegraph::RenderableNode *,std::hash<ng::scenegraph::RenderableNode *>,std::equal_to<ng::scenegraph::RenderableNode *>,std::allocator<ng::scenegraph::RenderableNode *>>>>>>,
              _Objty=std::pair<ng::vulkan::VulkanGraphicsPipeline *const ,std::unordered_map<std::_List_iterator<std::_List_val<std::_List_simple_types<ng::scenegraph::RenderState>>>,std::unordered_set<ng::scenegraph::RenderableNode *,std::hash<ng::scenegraph::RenderableNode *>,std::equal_to<ng::scenegraph::RenderableNode *>,std::allocator<ng::scenegraph::RenderableNode *>>,std::hash<std::_List_iterator<std::_List_val<std::_List_simple_types<ng::scenegraph::RenderState>>>>,std::equal_to<std::_List_iterator<std::_List_val<std::_List_simple_types<ng::scenegraph::RenderState>>>>,std::allocator<std::pair<const std::_List_iterator<std::_List_val<std::_List_simple_types<ng::scenegraph::RenderState>>>,std::unordered_set<ng::scenegraph::RenderableNode *,std::hash<ng::scenegraph::RenderableNode *>,std::equal_to<ng::scenegraph::RenderableNode *>,std::allocator<ng::scenegraph::RenderableNode *>>>>>>
          ]
  c:\program files (x86)\microsoft visual studio\2017\community\vc\tools\msvc\14.15.26726\include\list(716): note: see reference to function template instantiation 'void std::_Default_allocator_traits<_Alloc>::construct<_Ty,ng::vulkan::VulkanGraphicsPipeline*&,std::pair<std::_List_iterator<std::_List_val<std::_List_simple_types<ng::scenegraph::RenderState>>>,ng::scenegraph::RenderableNode *>>(_Alloc &,_Objty *const ,ng::vulkan::VulkanGraphicsPipeline *&,std::pair<std::_List_iterator<std::_List_val<std::_List_simple_types<ng::scenegraph::RenderState>>>,ng::scenegraph::RenderableNode *> &&)' being compiled
          with
          [
              _Alloc=std::allocator<std::_List_node<std::pair<ng::vulkan::VulkanGraphicsPipeline *const ,std::unordered_map<std::_List_iterator<std::_List_val<std::_List_simple_types<ng::scenegraph::RenderState>>>,std::unordered_set<ng::scenegraph::RenderableNode *,std::hash<ng::scenegraph::RenderableNode *>,std::equal_to<ng::scenegraph::RenderableNode *>,std::allocator<ng::scenegraph::RenderableNode *>>,std::hash<std::_List_iterator<std::_List_val<std::_List_simple_types<ng::scenegraph::RenderState>>>>,std::equal_to<std::_List_iterator<std::_List_val<std::_List_simple_types<ng::scenegraph::RenderState>>>>,std::allocator<std::pair<const std::_List_iterator<std::_List_val<std::_List_simple_types<ng::scenegraph::RenderState>>>,std::unordered_set<ng::scenegraph::RenderableNode *,std::hash<ng::scenegraph::RenderableNode *>,std::equal_to<ng::scenegraph::RenderableNode *>,std::allocator<ng::scenegraph::RenderableNode *>>>>>>,std::_Default_allocator_traits<std::allocator<std::pair<ng::vulkan::VulkanGraphicsPipeline *const ,std::unordered_map<std::_List_iterator<std::_List_val<std::_List_simple_types<ng::scenegraph::RenderState>>>,std::unordered_set<ng::scenegraph::RenderableNode *,std::hash<ng::scenegraph::RenderableNode *>,std::equal_to<ng::scenegraph::RenderableNode *>,std::allocator<ng::scenegraph::RenderableNode *>>,std::hash<std::_List_iterator<std::_List_val<std::_List_simple_types<ng::scenegraph::RenderState>>>>,std::equal_to<std::_List_iterator<std::_List_val<std::_List_simple_types<ng::scenegraph::RenderState>>>>,std::allocator<std::pair<const std::_List_iterator<std::_List_val<std::_List_simple_types<ng::scenegraph::RenderState>>>,std::unordered_set<ng::scenegraph::RenderableNode *,std::hash<ng::scenegraph::RenderableNode *>,std::equal_to<ng::scenegraph::RenderableNode *>,std::allocator<ng::scenegraph::RenderableNode *>>>>>>>>::void_pointer>>,
              _Ty=std::pair<ng::vulkan::VulkanGraphicsPipeline *const ,std::unordered_map<std::_List_iterator<std::_List_val<std::_List_simple_types<ng::scenegraph::RenderState>>>,std::unordered_set<ng::scenegraph::RenderableNode *,std::hash<ng::scenegraph::RenderableNode *>,std::equal_to<ng::scenegraph::RenderableNode *>,std::allocator<ng::scenegraph::RenderableNode *>>,std::hash<std::_List_iterator<std::_List_val<std::_List_simple_types<ng::scenegraph::RenderState>>>>,std::equal_to<std::_List_iterator<std::_List_val<std::_List_simple_types<ng::scenegraph::RenderState>>>>,std::allocator<std::pair<const std::_List_iterator<std::_List_val<std::_List_simple_types<ng::scenegraph::RenderState>>>,std::unordered_set<ng::scenegraph::RenderableNode *,std::hash<ng::scenegraph::RenderableNode *>,std::equal_to<ng::scenegraph::RenderableNode *>,std::allocator<ng::scenegraph::RenderableNode *>>>>>>,
              _Objty=std::pair<ng::vulkan::VulkanGraphicsPipeline *const ,std::unordered_map<std::_List_iterator<std::_List_val<std::_List_simple_types<ng::scenegraph::RenderState>>>,std::unordered_set<ng::scenegraph::RenderableNode *,std::hash<ng::scenegraph::RenderableNode *>,std::equal_to<ng::scenegraph::RenderableNode *>,std::allocator<ng::scenegraph::RenderableNode *>>,std::hash<std::_List_iterator<std::_List_val<std::_List_simple_types<ng::scenegraph::RenderState>>>>,std::equal_to<std::_List_iterator<std::_List_val<std::_List_simple_types<ng::scenegraph::RenderState>>>>,std::allocator<std::pair<const std::_List_iterator<std::_List_val<std::_List_simple_types<ng::scenegraph::RenderState>>>,std::unordered_set<ng::scenegraph::RenderableNode *,std::hash<ng::scenegraph::RenderableNode *>,std::equal_to<ng::scenegraph::RenderableNode *>,std::allocator<ng::scenegraph::RenderableNode *>>>>>>
          ]
  c:\program files (x86)\microsoft visual studio\2017\community\vc\tools\msvc\14.15.26726\include\list(947): note: see reference to function template instantiation 'std::_List_node<std::pair<const _Kty,_Ty>,std::_Default_allocator_traits<_Alloc>::void_pointer> *std::_List_buy<std::pair<const _Kty,_Ty>,_Alloc>::_Buynode<ng::vulkan::VulkanGraphicsPipeline*&,std::pair<std::_List_iterator<std::_List_val<std::_List_simple_types<ng::scenegraph::RenderState>>>,ng::scenegraph::RenderableNode *>>(std::_List_node<std::pair<const _Kty,_Ty>,std::_Default_allocator_traits<_Alloc>::void_pointer> *,std::_List_node<std::pair<const _Kty,_Ty>,std::_Default_allocator_traits<_Alloc>::void_pointer> *,ng::vulkan::VulkanGraphicsPipeline *&,std::pair<std::_List_iterator<std::_List_val<std::_List_simple_types<ng::scenegraph::RenderState>>>,ng::scenegraph::RenderableNode *> &&)' being compiled
          with
          [
              _Kty=ng::vulkan::VulkanGraphicsPipeline *,
              _Ty=std::unordered_map<std::_List_iterator<std::_List_val<std::_List_simple_types<ng::scenegraph::RenderState>>>,std::unordered_set<ng::scenegraph::RenderableNode *,std::hash<ng::scenegraph::RenderableNode *>,std::equal_to<ng::scenegraph::RenderableNode *>,std::allocator<ng::scenegraph::RenderableNode *>>,std::hash<std::_List_iterator<std::_List_val<std::_List_simple_types<ng::scenegraph::RenderState>>>>,std::equal_to<std::_List_iterator<std::_List_val<std::_List_simple_types<ng::scenegraph::RenderState>>>>,std::allocator<std::pair<const std::_List_iterator<std::_List_val<std::_List_simple_types<ng::scenegraph::RenderState>>>,std::unordered_set<ng::scenegraph::RenderableNode *,std::hash<ng::scenegraph::RenderableNode *>,std::equal_to<ng::scenegraph::RenderableNode *>,std::allocator<ng::scenegraph::RenderableNode *>>>>>,
              _Alloc=std::allocator<std::pair<ng::vulkan::VulkanGraphicsPipeline *const ,std::unordered_map<std::_List_iterator<std::_List_val<std::_List_simple_types<ng::scenegraph::RenderState>>>,std::unordered_set<ng::scenegraph::RenderableNode *,std::hash<ng::scenegraph::RenderableNode *>,std::equal_to<ng::scenegraph::RenderableNode *>,std::allocator<ng::scenegraph::RenderableNode *>>,std::hash<std::_List_iterator<std::_List_val<std::_List_simple_types<ng::scenegraph::RenderState>>>>,std::equal_to<std::_List_iterator<std::_List_val<std::_List_simple_types<ng::scenegraph::RenderState>>>>,std::allocator<std::pair<const std::_List_iterator<std::_List_val<std::_List_simple_types<ng::scenegraph::RenderState>>>,std::unordered_set<ng::scenegraph::RenderableNode *,std::hash<ng::scenegraph::RenderableNode *>,std::equal_to<ng::scenegraph::RenderableNode *>,std::allocator<ng::scenegraph::RenderableNode *>>>>>>>
          ]
  c:\program files (x86)\microsoft visual studio\2017\community\vc\tools\msvc\14.15.26726\include\list(950): note: see reference to function template instantiation 'std::_List_node<std::pair<const _Kty,_Ty>,std::_Default_allocator_traits<_Alloc>::void_pointer> *std::_List_buy<std::pair<const _Kty,_Ty>,_Alloc>::_Buynode<ng::vulkan::VulkanGraphicsPipeline*&,std::pair<std::_List_iterator<std::_List_val<std::_List_simple_types<ng::scenegraph::RenderState>>>,ng::scenegraph::RenderableNode *>>(std::_List_node<std::pair<const _Kty,_Ty>,std::_Default_allocator_traits<_Alloc>::void_pointer> *,std::_List_node<std::pair<const _Kty,_Ty>,std::_Default_allocator_traits<_Alloc>::void_pointer> *,ng::vulkan::VulkanGraphicsPipeline *&,std::pair<std::_List_iterator<std::_List_val<std::_List_simple_types<ng::scenegraph::RenderState>>>,ng::scenegraph::RenderableNode *> &&)' being compiled
          with
          [
              _Kty=ng::vulkan::VulkanGraphicsPipeline *,
              _Ty=std::unordered_map<std::_List_iterator<std::_List_val<std::_List_simple_types<ng::scenegraph::RenderState>>>,std::unordered_set<ng::scenegraph::RenderableNode *,std::hash<ng::scenegraph::RenderableNode *>,std::equal_to<ng::scenegraph::RenderableNode *>,std::allocator<ng::scenegraph::RenderableNode *>>,std::hash<std::_List_iterator<std::_List_val<std::_List_simple_types<ng::scenegraph::RenderState>>>>,std::equal_to<std::_List_iterator<std::_List_val<std::_List_simple_types<ng::scenegraph::RenderState>>>>,std::allocator<std::pair<const std::_List_iterator<std::_List_val<std::_List_simple_types<ng::scenegraph::RenderState>>>,std::unordered_set<ng::scenegraph::RenderableNode *,std::hash<ng::scenegraph::RenderableNode *>,std::equal_to<ng::scenegraph::RenderableNode *>,std::allocator<ng::scenegraph::RenderableNode *>>>>>,
              _Alloc=std::allocator<std::pair<ng::vulkan::VulkanGraphicsPipeline *const ,std::unordered_map<std::_List_iterator<std::_List_val<std::_List_simple_types<ng::scenegraph::RenderState>>>,std::unordered_set<ng::scenegraph::RenderableNode *,std::hash<ng::scenegraph::RenderableNode *>,std::equal_to<ng::scenegraph::RenderableNode *>,std::allocator<ng::scenegraph::RenderableNode *>>,std::hash<std::_List_iterator<std::_List_val<std::_List_simple_types<ng::scenegraph::RenderState>>>>,std::equal_to<std::_List_iterator<std::_List_val<std::_List_simple_types<ng::scenegraph::RenderState>>>>,std::allocator<std::pair<const std::_List_iterator<std::_List_val<std::_List_simple_types<ng::scenegraph::RenderState>>>,std::unordered_set<ng::scenegraph::RenderableNode *,std::hash<ng::scenegraph::RenderableNode *>,std::equal_to<ng::scenegraph::RenderableNode *>,std::allocator<ng::scenegraph::RenderableNode *>>>>>>>
          ]
  c:\program files (x86)\microsoft visual studio\2017\community\vc\tools\msvc\14.15.26726\include\list(916): note: see reference to function template instantiation 'void std::list<std::pair<const _Kty,_Ty>,std::allocator<std::pair<const _Kty,_Ty>>>::_Insert<ng::vulkan::VulkanGraphicsPipeline*&,std::pair<std::_List_iterator<std::_List_val<std::_List_simple_types<ng::scenegraph::RenderState>>>,ng::scenegraph::RenderableNode *>>(std::_List_unchecked_const_iterator<std::_List_val<std::_List_simple_types<std::pair<const _Kty,_Ty>>>,std::_Iterator_base0>,ng::vulkan::VulkanGraphicsPipeline *&,std::pair<std::_List_iterator<std::_List_val<std::_List_simple_types<ng::scenegraph::RenderState>>>,ng::scenegraph::RenderableNode *> &&)' being compiled
          with
          [
              _Kty=ng::vulkan::VulkanGraphicsPipeline *,
              _Ty=std::unordered_map<std::_List_iterator<std::_List_val<std::_List_simple_types<ng::scenegraph::RenderState>>>,std::unordered_set<ng::scenegraph::RenderableNode *,std::hash<ng::scenegraph::RenderableNode *>,std::equal_to<ng::scenegraph::RenderableNode *>,std::allocator<ng::scenegraph::RenderableNode *>>,std::hash<std::_List_iterator<std::_List_val<std::_List_simple_types<ng::scenegraph::RenderState>>>>,std::equal_to<std::_List_iterator<std::_List_val<std::_List_simple_types<ng::scenegraph::RenderState>>>>,std::allocator<std::pair<const std::_List_iterator<std::_List_val<std::_List_simple_types<ng::scenegraph::RenderState>>>,std::unordered_set<ng::scenegraph::RenderableNode *,std::hash<ng::scenegraph::RenderableNode *>,std::equal_to<ng::scenegraph::RenderableNode *>,std::allocator<ng::scenegraph::RenderableNode *>>>>>
          ]
  c:\program files (x86)\microsoft visual studio\2017\community\vc\tools\msvc\14.15.26726\include\list(917): note: see reference to function template instantiation 'void std::list<std::pair<const _Kty,_Ty>,std::allocator<std::pair<const _Kty,_Ty>>>::_Insert<ng::vulkan::VulkanGraphicsPipeline*&,std::pair<std::_List_iterator<std::_List_val<std::_List_simple_types<ng::scenegraph::RenderState>>>,ng::scenegraph::RenderableNode *>>(std::_List_unchecked_const_iterator<std::_List_val<std::_List_simple_types<std::pair<const _Kty,_Ty>>>,std::_Iterator_base0>,ng::vulkan::VulkanGraphicsPipeline *&,std::pair<std::_List_iterator<std::_List_val<std::_List_simple_types<ng::scenegraph::RenderState>>>,ng::scenegraph::RenderableNode *> &&)' being compiled
          with
          [
              _Kty=ng::vulkan::VulkanGraphicsPipeline *,
              _Ty=std::unordered_map<std::_List_iterator<std::_List_val<std::_List_simple_types<ng::scenegraph::RenderState>>>,std::unordered_set<ng::scenegraph::RenderableNode *,std::hash<ng::scenegraph::RenderableNode *>,std::equal_to<ng::scenegraph::RenderableNode *>,std::allocator<ng::scenegraph::RenderableNode *>>,std::hash<std::_List_iterator<std::_List_val<std::_List_simple_types<ng::scenegraph::RenderState>>>>,std::equal_to<std::_List_iterator<std::_List_val<std::_List_simple_types<ng::scenegraph::RenderState>>>>,std::allocator<std::pair<const std::_List_iterator<std::_List_val<std::_List_simple_types<ng::scenegraph::RenderState>>>,std::unordered_set<ng::scenegraph::RenderableNode *,std::hash<ng::scenegraph::RenderableNode *>,std::equal_to<ng::scenegraph::RenderableNode *>,std::allocator<ng::scenegraph::RenderableNode *>>>>>
          ]
  c:\program files (x86)\microsoft visual studio\2017\community\vc\tools\msvc\14.15.26726\include\xhash(299): note: see reference to function template instantiation 'std::pair<const _Kty,_Ty> &std::list<std::pair<const _Kty,_Ty>,std::allocator<std::pair<const _Kty,_Ty>>>::emplace_front<ng::vulkan::VulkanGraphicsPipeline*&,std::pair<std::_List_iterator<std::_List_val<std::_List_simple_types<ng::scenegraph::RenderState>>>,ng::scenegraph::RenderableNode *>>(ng::vulkan::VulkanGraphicsPipeline *&,std::pair<std::_List_iterator<std::_List_val<std::_List_simple_types<ng::scenegraph::RenderState>>>,ng::scenegraph::RenderableNode *> &&)' being compiled
          with
          [
              _Kty=ng::vulkan::VulkanGraphicsPipeline *,
              _Ty=std::unordered_map<std::_List_iterator<std::_List_val<std::_List_simple_types<ng::scenegraph::RenderState>>>,std::unordered_set<ng::scenegraph::RenderableNode *,std::hash<ng::scenegraph::RenderableNode *>,std::equal_to<ng::scenegraph::RenderableNode *>,std::allocator<ng::scenegraph::RenderableNode *>>,std::hash<std::_List_iterator<std::_List_val<std::_List_simple_types<ng::scenegraph::RenderState>>>>,std::equal_to<std::_List_iterator<std::_List_val<std::_List_simple_types<ng::scenegraph::RenderState>>>>,std::allocator<std::pair<const std::_List_iterator<std::_List_val<std::_List_simple_types<ng::scenegraph::RenderState>>>,std::unordered_set<ng::scenegraph::RenderableNode *,std::hash<ng::scenegraph::RenderableNode *>,std::equal_to<ng::scenegraph::RenderableNode *>,std::allocator<ng::scenegraph::RenderableNode *>>>>>
          ]
  c:\users\turbotage\documents\gitrepos\nextgengine\core\src\scenegraph\culling_walker.cpp(22): note: see reference to function template instantiation 'std::pair<std::_List_iterator<std::_List_val<std::_List_simple_types<_Ty>>>,bool> std::_Hash<std::_Umap_traits<_Kty,std::unordered_map<std::_List_iterator<std::_List_val<std::_List_simple_types<ng::scenegraph::RenderState>>>,std::unordered_set<ng::scenegraph::RenderableNode *,std::hash<ng::scenegraph::RenderableNode*>,std::equal_to<ng::scenegraph::RenderableNode*>,std::allocator<ng::scenegraph::RenderableNode*>>,std::hash<std::_List_iterator<std::_List_val<std::_List_simple_types<ng::scenegraph::RenderState>>>>,std::equal_to<std::_List_iterator<std::_List_val<std::_List_simple_types<ng::scenegraph::RenderState>>>>,std::allocator<std::pair<const std::_List_iterator<std::_List_val<std::_List_simple_types<ng::scenegraph::RenderState>>>,std::unordered_set<ng::scenegraph::RenderableNode *,std::hash<ng::scenegraph::RenderableNode*>,std::equal_to<ng::scenegraph::RenderableNode*>,std::allocator<ng::scenegraph::RenderableNode*>>>>>,std::_Uhash_compare<_Kty,_Hasher,_Keyeq>,_Alloc,false>>::emplace<ng::vulkan::VulkanGraphicsPipeline*&,std::pair<std::_List_iterator<std::_List_val<std::_List_simple_types<ng::scenegraph::RenderState>>>,ng::scenegraph::RenderableNode *>>(ng::vulkan::VulkanGraphicsPipeline *&,std::pair<std::_List_iterator<std::_List_val<std::_List_simple_types<ng::scenegraph::RenderState>>>,ng::scenegraph::RenderableNode *> &&)' being compiled
          with
          [
              _Ty=std::pair<ng::vulkan::VulkanGraphicsPipeline *const ,std::unordered_map<std::_List_iterator<std::_List_val<std::_List_simple_types<ng::scenegraph::RenderState>>>,std::unordered_set<ng::scenegraph::RenderableNode *,std::hash<ng::scenegraph::RenderableNode *>,std::equal_to<ng::scenegraph::RenderableNode *>,std::allocator<ng::scenegraph::RenderableNode *>>,std::hash<std::_List_iterator<std::_List_val<std::_List_simple_types<ng::scenegraph::RenderState>>>>,std::equal_to<std::_List_iterator<std::_List_val<std::_List_simple_types<ng::scenegraph::RenderState>>>>,std::allocator<std::pair<const std::_List_iterator<std::_List_val<std::_List_simple_types<ng::scenegraph::RenderState>>>,std::unordered_set<ng::scenegraph::RenderableNode *,std::hash<ng::scenegraph::RenderableNode *>,std::equal_to<ng::scenegraph::RenderableNode *>,std::allocator<ng::scenegraph::RenderableNode *>>>>>>,
              _Kty=ng::vulkan::VulkanGraphicsPipeline *,
              _Hasher=std::hash<ng::vulkan::VulkanGraphicsPipeline *>,
              _Keyeq=std::equal_to<ng::vulkan::VulkanGraphicsPipeline *>,
              _Alloc=std::allocator<std::pair<ng::vulkan::VulkanGraphicsPipeline *const ,std::unordered_map<std::_List_iterator<std::_List_val<std::_List_simple_types<ng::scenegraph::RenderState>>>,std::unordered_set<ng::scenegraph::RenderableNode *,std::hash<ng::scenegraph::RenderableNode *>,std::equal_to<ng::scenegraph::RenderableNode *>,std::allocator<ng::scenegraph::RenderableNode *>>,std::hash<std::_List_iterator<std::_List_val<std::_List_simple_types<ng::scenegraph::RenderState>>>>,std::equal_to<std::_List_iterator<std::_List_val<std::_List_simple_types<ng::scenegraph::RenderState>>>>,std::allocator<std::pair<const std::_List_iterator<std::_List_val<std::_List_simple_types<ng::scenegraph::RenderState>>>,std::unordered_set<ng::scenegraph::RenderableNode *,std::hash<ng::scenegraph::RenderableNode *>,std::equal_to<ng::scenegraph::RenderableNode *>,std::allocator<ng::scenegraph::RenderableNode *>>>>>>>
          ]
  c:\users\turbotage\documents\gitrepos\nextgengine\core\src\scenegraph\culling_walker.cpp(16): note: see reference to function template instantiation 'std::pair<std::_List_iterator<std::_List_val<std::_List_simple_types<_Ty>>>,bool> std::_Hash<std::_Umap_traits<_Kty,std::unordered_map<std::_List_iterator<std::_List_val<std::_List_simple_types<ng::scenegraph::RenderState>>>,std::unordered_set<ng::scenegraph::RenderableNode *,std::hash<ng::scenegraph::RenderableNode*>,std::equal_to<ng::scenegraph::RenderableNode*>,std::allocator<ng::scenegraph::RenderableNode*>>,std::hash<std::_List_iterator<std::_List_val<std::_List_simple_types<ng::scenegraph::RenderState>>>>,std::equal_to<std::_List_iterator<std::_List_val<std::_List_simple_types<ng::scenegraph::RenderState>>>>,std::allocator<std::pair<const std::_List_iterator<std::_List_val<std::_List_simple_types<ng::scenegraph::RenderState>>>,std::unordered_set<ng::scenegraph::RenderableNode *,std::hash<ng::scenegraph::RenderableNode*>,std::equal_to<ng::scenegraph::RenderableNode*>,std::allocator<ng::scenegraph::RenderableNode*>>>>>,std::_Uhash_compare<_Kty,_Hasher,_Keyeq>,_Alloc,false>>::emplace<ng::vulkan::VulkanGraphicsPipeline*&,std::pair<std::_List_iterator<std::_List_val<std::_List_simple_types<ng::scenegraph::RenderState>>>,ng::scenegraph::RenderableNode *>>(ng::vulkan::VulkanGraphicsPipeline *&,std::pair<std::_List_iterator<std::_List_val<std::_List_simple_types<ng::scenegraph::RenderState>>>,ng::scenegraph::RenderableNode *> &&)' being compiled
          with
          [
              _Ty=std::pair<ng::vulkan::VulkanGraphicsPipeline *const ,std::unordered_map<std::_List_iterator<std::_List_val<std::_List_simple_types<ng::scenegraph::RenderState>>>,std::unordered_set<ng::scenegraph::RenderableNode *,std::hash<ng::scenegraph::RenderableNode *>,std::equal_to<ng::scenegraph::RenderableNode *>,std::allocator<ng::scenegraph::RenderableNode *>>,std::hash<std::_List_iterator<std::_List_val<std::_List_simple_types<ng::scenegraph::RenderState>>>>,std::equal_to<std::_List_iterator<std::_List_val<std::_List_simple_types<ng::scenegraph::RenderState>>>>,std::allocator<std::pair<const std::_List_iterator<std::_List_val<std::_List_simple_types<ng::scenegraph::RenderState>>>,std::unordered_set<ng::scenegraph::RenderableNode *,std::hash<ng::scenegraph::RenderableNode *>,std::equal_to<ng::scenegraph::RenderableNode *>,std::allocator<ng::scenegraph::RenderableNode *>>>>>>,
              _Kty=ng::vulkan::VulkanGraphicsPipeline *,
              _Hasher=std::hash<ng::vulkan::VulkanGraphicsPipeline *>,
              _Keyeq=std::equal_to<ng::vulkan::VulkanGraphicsPipeline *>,
              _Alloc=std::allocator<std::pair<ng::vulkan::VulkanGraphicsPipeline *const ,std::unordered_map<std::_List_iterator<std::_List_val<std::_List_simple_types<ng::scenegraph::RenderState>>>,std::unordered_set<ng::scenegraph::RenderableNode *,std::hash<ng::scenegraph::RenderableNode *>,std::equal_to<ng::scenegraph::RenderableNode *>,std::allocator<ng::scenegraph::RenderableNode *>>,std::hash<std::_List_iterator<std::_List_val<std::_List_simple_types<ng::scenegraph::RenderState>>>>,std::equal_to<std::_List_iterator<std::_List_val<std::_List_simple_types<ng::scenegraph::RenderState>>>>,std::allocator<std::pair<const std::_List_iterator<std::_List_val<std::_List_simple_types<ng::scenegraph::RenderState>>>,std::unordered_set<ng::scenegraph::RenderableNode *,std::hash<ng::scenegraph::RenderableNode *>,std::equal_to<ng::scenegraph::RenderableNode *>,std::allocator<ng::scenegraph::RenderableNode *>>>>>>>
          ]
c:\program files (x86)\microsoft visual studio\2017\community\vc\tools\msvc\14.15.26726\include\xmemory0(881): error C2664: 'std::pair<const _Kty,_Ty>::pair(std::pair<const _Kty,_Ty> &&)': cannot convert argument 2 from 'ng::scenegraph::RenderableNode *' to 'const _Ty2 &'
          with
          [
              _Kty=std::_List_iterator<std::_List_val<std::_List_simple_types<ng::scenegraph::RenderState>>>,
              _Ty=std::unordered_set<ng::scenegraph::RenderableNode *,std::hash<ng::scenegraph::RenderableNode *>,std::equal_to<ng::scenegraph::RenderableNode *>,std::allocator<ng::scenegraph::RenderableNode *>>
          ]
          and
          [
              _Ty2=std::unordered_set<ng::scenegraph::RenderableNode *,std::hash<ng::scenegraph::RenderableNode *>,std::equal_to<ng::scenegraph::RenderableNode *>,std::allocator<ng::scenegraph::RenderableNode *>>
          ]
  c:\program files (x86)\microsoft visual studio\2017\community\vc\tools\msvc\14.15.26726\include\xmemory0(879): note: Reason: cannot convert from 'ng::scenegraph::RenderableNode *' to 'const _Ty2'
          with
          [
              _Ty2=std::unordered_set<ng::scenegraph::RenderableNode *,std::hash<ng::scenegraph::RenderableNode *>,std::equal_to<ng::scenegraph::RenderableNode *>,std::allocator<ng::scenegraph::RenderableNode *>>
          ]
  c:\program files (x86)\microsoft visual studio\2017\community\vc\tools\msvc\14.15.26726\include\xmemory0(879): note: No constructor could take the source type, or constructor overload resolution was ambiguous
  c:\program files (x86)\microsoft visual studio\2017\community\vc\tools\msvc\14.15.26726\include\list(711): note: see reference to function template instantiation 'void std::_Default_allocator_traits<_Alloc>::construct<_Ty,std::_List_iterator<std::_List_val<std::_List_simple_types<ng::scenegraph::RenderState>>>&,ng::scenegraph::RenderableNode*&>(_Alloc &,_Objty *const ,std::_List_iterator<std::_List_val<std::_List_simple_types<ng::scenegraph::RenderState>>> &,ng::scenegraph::RenderableNode *&)' being compiled
          with
          [
              _Alloc=std::allocator<std::_List_node<std::pair<const std::_List_iterator<std::_List_val<std::_List_simple_types<ng::scenegraph::RenderState>>>,std::unordered_set<ng::scenegraph::RenderableNode *,std::hash<ng::scenegraph::RenderableNode *>,std::equal_to<ng::scenegraph::RenderableNode *>,std::allocator<ng::scenegraph::RenderableNode *>>>,std::_Default_allocator_traits<std::allocator<std::pair<const std::_List_iterator<std::_List_val<std::_List_simple_types<ng::scenegraph::RenderState>>>,std::unordered_set<ng::scenegraph::RenderableNode *,std::hash<ng::scenegraph::RenderableNode *>,std::equal_to<ng::scenegraph::RenderableNode *>,std::allocator<ng::scenegraph::RenderableNode *>>>>>::void_pointer>>,
              _Ty=std::pair<const std::_List_iterator<std::_List_val<std::_List_simple_types<ng::scenegraph::RenderState>>>,std::unordered_set<ng::scenegraph::RenderableNode *,std::hash<ng::scenegraph::RenderableNode *>,std::equal_to<ng::scenegraph::RenderableNode *>,std::allocator<ng::scenegraph::RenderableNode *>>>,
              _Objty=std::pair<const std::_List_iterator<std::_List_val<std::_List_simple_types<ng::scenegraph::RenderState>>>,std::unordered_set<ng::scenegraph::RenderableNode *,std::hash<ng::scenegraph::RenderableNode *>,std::equal_to<ng::scenegraph::RenderableNode *>,std::allocator<ng::scenegraph::RenderableNode *>>>
          ]
  c:\program files (x86)\microsoft visual studio\2017\community\vc\tools\msvc\14.15.26726\include\list(716): note: see reference to function template instantiation 'void std::_Default_allocator_traits<_Alloc>::construct<_Ty,std::_List_iterator<std::_List_val<std::_List_simple_types<ng::scenegraph::RenderState>>>&,ng::scenegraph::RenderableNode*&>(_Alloc &,_Objty *const ,std::_List_iterator<std::_List_val<std::_List_simple_types<ng::scenegraph::RenderState>>> &,ng::scenegraph::RenderableNode *&)' being compiled
          with
          [
              _Alloc=std::allocator<std::_List_node<std::pair<const std::_List_iterator<std::_List_val<std::_List_simple_types<ng::scenegraph::RenderState>>>,std::unordered_set<ng::scenegraph::RenderableNode *,std::hash<ng::scenegraph::RenderableNode *>,std::equal_to<ng::scenegraph::RenderableNode *>,std::allocator<ng::scenegraph::RenderableNode *>>>,std::_Default_allocator_traits<std::allocator<std::pair<const std::_List_iterator<std::_List_val<std::_List_simple_types<ng::scenegraph::RenderState>>>,std::unordered_set<ng::scenegraph::RenderableNode *,std::hash<ng::scenegraph::RenderableNode *>,std::equal_to<ng::scenegraph::RenderableNode *>,std::allocator<ng::scenegraph::RenderableNode *>>>>>::void_pointer>>,
              _Ty=std::pair<const std::_List_iterator<std::_List_val<std::_List_simple_types<ng::scenegraph::RenderState>>>,std::unordered_set<ng::scenegraph::RenderableNode *,std::hash<ng::scenegraph::RenderableNode *>,std::equal_to<ng::scenegraph::RenderableNode *>,std::allocator<ng::scenegraph::RenderableNode *>>>,
              _Objty=std::pair<const std::_List_iterator<std::_List_val<std::_List_simple_types<ng::scenegraph::RenderState>>>,std::unordered_set<ng::scenegraph::RenderableNode *,std::hash<ng::scenegraph::RenderableNode *>,std::equal_to<ng::scenegraph::RenderableNode *>,std::allocator<ng::scenegraph::RenderableNode *>>>
          ]
  c:\program files (x86)\microsoft visual studio\2017\community\vc\tools\msvc\14.15.26726\include\list(947): note: see reference to function template instantiation 'std::_List_node<std::pair<const _Kty,_Ty>,std::_Default_allocator_traits<_Alloc>::void_pointer> *std::_List_buy<std::pair<const _Kty,_Ty>,_Alloc>::_Buynode<std::_List_iterator<std::_List_val<std::_List_simple_types<ng::scenegraph::RenderState>>>&,ng::scenegraph::RenderableNode*&>(std::_List_node<std::pair<const _Kty,_Ty>,std::_Default_allocator_traits<_Alloc>::void_pointer> *,std::_List_node<std::pair<const _Kty,_Ty>,std::_Default_allocator_traits<_Alloc>::void_pointer> *,std::_List_iterator<std::_List_val<std::_List_simple_types<ng::scenegraph::RenderState>>> &,ng::scenegraph::RenderableNode *&)' being compiled
          with
          [
              _Kty=std::_List_iterator<std::_List_val<std::_List_simple_types<ng::scenegraph::RenderState>>>,
              _Ty=std::unordered_set<ng::scenegraph::RenderableNode *,std::hash<ng::scenegraph::RenderableNode *>,std::equal_to<ng::scenegraph::RenderableNode *>,std::allocator<ng::scenegraph::RenderableNode *>>,
              _Alloc=std::allocator<std::pair<const std::_List_iterator<std::_List_val<std::_List_simple_types<ng::scenegraph::RenderState>>>,std::unordered_set<ng::scenegraph::RenderableNode *,std::hash<ng::scenegraph::RenderableNode *>,std::equal_to<ng::scenegraph::RenderableNode *>,std::allocator<ng::scenegraph::RenderableNode *>>>>
          ]
  c:\program files (x86)\microsoft visual studio\2017\community\vc\tools\msvc\14.15.26726\include\list(950): note: see reference to function template instantiation 'std::_List_node<std::pair<const _Kty,_Ty>,std::_Default_allocator_traits<_Alloc>::void_pointer> *std::_List_buy<std::pair<const _Kty,_Ty>,_Alloc>::_Buynode<std::_List_iterator<std::_List_val<std::_List_simple_types<ng::scenegraph::RenderState>>>&,ng::scenegraph::RenderableNode*&>(std::_List_node<std::pair<const _Kty,_Ty>,std::_Default_allocator_traits<_Alloc>::void_pointer> *,std::_List_node<std::pair<const _Kty,_Ty>,std::_Default_allocator_traits<_Alloc>::void_pointer> *,std::_List_iterator<std::_List_val<std::_List_simple_types<ng::scenegraph::RenderState>>> &,ng::scenegraph::RenderableNode *&)' being compiled
          with
          [
              _Kty=std::_List_iterator<std::_List_val<std::_List_simple_types<ng::scenegraph::RenderState>>>,
              _Ty=std::unordered_set<ng::scenegraph::RenderableNode *,std::hash<ng::scenegraph::RenderableNode *>,std::equal_to<ng::scenegraph::RenderableNode *>,std::allocator<ng::scenegraph::RenderableNode *>>,
              _Alloc=std::allocator<std::pair<const std::_List_iterator<std::_List_val<std::_List_simple_types<ng::scenegraph::RenderState>>>,std::unordered_set<ng::scenegraph::RenderableNode *,std::hash<ng::scenegraph::RenderableNode *>,std::equal_to<ng::scenegraph::RenderableNode *>,std::allocator<ng::scenegraph::RenderableNode *>>>>
          ]
  c:\program files (x86)\microsoft visual studio\2017\community\vc\tools\msvc\14.15.26726\include\list(916): note: see reference to function template instantiation 'void std::list<std::pair<const _Kty,_Ty>,std::allocator<std::pair<const _Kty,_Ty>>>::_Insert<std::_List_iterator<std::_List_val<std::_List_simple_types<ng::scenegraph::RenderState>>>&,ng::scenegraph::RenderableNode*&>(std::_List_unchecked_const_iterator<std::_List_val<std::_List_simple_types<std::pair<const _Kty,_Ty>>>,std::_Iterator_base0>,std::_List_iterator<std::_List_val<std::_List_simple_types<ng::scenegraph::RenderState>>> &,ng::scenegraph::RenderableNode *&)' being compiled
          with
          [
              _Kty=std::_List_iterator<std::_List_val<std::_List_simple_types<ng::scenegraph::RenderState>>>,
              _Ty=std::unordered_set<ng::scenegraph::RenderableNode *,std::hash<ng::scenegraph::RenderableNode *>,std::equal_to<ng::scenegraph::RenderableNode *>,std::allocator<ng::scenegraph::RenderableNode *>>
          ]
  c:\program files (x86)\microsoft visual studio\2017\community\vc\tools\msvc\14.15.26726\include\list(917): note: see reference to function template instantiation 'void std::list<std::pair<const _Kty,_Ty>,std::allocator<std::pair<const _Kty,_Ty>>>::_Insert<std::_List_iterator<std::_List_val<std::_List_simple_types<ng::scenegraph::RenderState>>>&,ng::scenegraph::RenderableNode*&>(std::_List_unchecked_const_iterator<std::_List_val<std::_List_simple_types<std::pair<const _Kty,_Ty>>>,std::_Iterator_base0>,std::_List_iterator<std::_List_val<std::_List_simple_types<ng::scenegraph::RenderState>>> &,ng::scenegraph::RenderableNode *&)' being compiled
          with
          [
              _Kty=std::_List_iterator<std::_List_val<std::_List_simple_types<ng::scenegraph::RenderState>>>,
              _Ty=std::unordered_set<ng::scenegraph::RenderableNode *,std::hash<ng::scenegraph::RenderableNode *>,std::equal_to<ng::scenegraph::RenderableNode *>,std::allocator<ng::scenegraph::RenderableNode *>>
          ]
  c:\program files (x86)\microsoft visual studio\2017\community\vc\tools\msvc\14.15.26726\include\xhash(299): note: see reference to function template instantiation 'std::pair<const _Kty,_Ty> &std::list<std::pair<const _Kty,_Ty>,std::allocator<std::pair<const _Kty,_Ty>>>::emplace_front<std::_List_iterator<std::_List_val<std::_List_simple_types<ng::scenegraph::RenderState>>>&,ng::scenegraph::RenderableNode*&>(std::_List_iterator<std::_List_val<std::_List_simple_types<ng::scenegraph::RenderState>>> &,ng::scenegraph::RenderableNode *&)' being compiled
          with
          [
              _Kty=std::_List_iterator<std::_List_val<std::_List_simple_types<ng::scenegraph::RenderState>>>,
              _Ty=std::unordered_set<ng::scenegraph::RenderableNode *,std::hash<ng::scenegraph::RenderableNode *>,std::equal_to<ng::scenegraph::RenderableNode *>,std::allocator<ng::scenegraph::RenderableNode *>>
          ]
  c:\users\turbotage\documents\gitrepos\nextgengine\core\src\scenegraph\culling_walker.cpp(28): note: see reference to function template instantiation 'std::pair<std::_List_iterator<std::_List_val<std::_List_simple_types<_Ty>>>,bool> std::_Hash<std::_Umap_traits<_Kty,std::unordered_set<ng::scenegraph::RenderableNode *,std::hash<ng::scenegraph::RenderableNode*>,std::equal_to<ng::scenegraph::RenderableNode*>,std::allocator<ng::scenegraph::RenderableNode*>>,std::_Uhash_compare<_Kty,_Hasher,_Keyeq>,_Alloc,false>>::emplace<std::_List_iterator<std::_List_val<std::_List_simple_types<ng::scenegraph::RenderState>>>&,ng::scenegraph::RenderableNode*&>(std::_List_iterator<std::_List_val<std::_List_simple_types<ng::scenegraph::RenderState>>> &,ng::scenegraph::RenderableNode *&)' being compiled
          with
          [
              _Ty=std::pair<const std::_List_iterator<std::_List_val<std::_List_simple_types<ng::scenegraph::RenderState>>>,std::unordered_set<ng::scenegraph::RenderableNode *,std::hash<ng::scenegraph::RenderableNode *>,std::equal_to<ng::scenegraph::RenderableNode *>,std::allocator<ng::scenegraph::RenderableNode *>>>,
              _Kty=std::_List_iterator<std::_List_val<std::_List_simple_types<ng::scenegraph::RenderState>>>,
              _Hasher=std::hash<std::_List_iterator<std::_List_val<std::_List_simple_types<ng::scenegraph::RenderState>>>>,
              _Keyeq=std::equal_to<std::_List_iterator<std::_List_val<std::_List_simple_types<ng::scenegraph::RenderState>>>>,
              _Alloc=std::allocator<std::pair<const std::_List_iterator<std::_List_val<std::_List_simple_types<ng::scenegraph::RenderState>>>,std::unordered_set<ng::scenegraph::RenderableNode *,std::hash<ng::scenegraph::RenderableNode *>,std::equal_to<ng::scenegraph::RenderableNode *>,std::allocator<ng::scenegraph::RenderableNode *>>>>
          ]
  c:\users\turbotage\documents\gitrepos\nextgengine\core\src\scenegraph\culling_walker.cpp(28): note: see reference to function template instantiation 'std::pair<std::_List_iterator<std::_List_val<std::_List_simple_types<_Ty>>>,bool> std::_Hash<std::_Umap_traits<_Kty,std::unordered_set<ng::scenegraph::RenderableNode *,std::hash<ng::scenegraph::RenderableNode*>,std::equal_to<ng::scenegraph::RenderableNode*>,std::allocator<ng::scenegraph::RenderableNode*>>,std::_Uhash_compare<_Kty,_Hasher,_Keyeq>,_Alloc,false>>::emplace<std::_List_iterator<std::_List_val<std::_List_simple_types<ng::scenegraph::RenderState>>>&,ng::scenegraph::RenderableNode*&>(std::_List_iterator<std::_List_val<std::_List_simple_types<ng::scenegraph::RenderState>>> &,ng::scenegraph::RenderableNode *&)' being compiled
          with
          [
              _Ty=std::pair<const std::_List_iterator<std::_List_val<std::_List_simple_types<ng::scenegraph::RenderState>>>,std::unordered_set<ng::scenegraph::RenderableNode *,std::hash<ng::scenegraph::RenderableNode *>,std::equal_to<ng::scenegraph::RenderableNode *>,std::allocator<ng::scenegraph::RenderableNode *>>>,
              _Kty=std::_List_iterator<std::_List_val<std::_List_simple_types<ng::scenegraph::RenderState>>>,
              _Hasher=std::hash<std::_List_iterator<std::_List_val<std::_List_simple_types<ng::scenegraph::RenderState>>>>,
              _Keyeq=std::equal_to<std::_List_iterator<std::_List_val<std::_List_simple_types<ng::scenegraph::RenderState>>>>,
              _Alloc=std::allocator<std::pair<const std::_List_iterator<std::_List_val<std::_List_simple_types<ng::scenegraph::RenderState>>>,std::unordered_set<ng::scenegraph::RenderableNode *,std::hash<ng::scenegraph::RenderableNode *>,std::equal_to<ng::scenegraph::RenderableNode *>,std::allocator<ng::scenegraph::RenderableNode *>>>>
          ]
  vulkan_graphics_pipeline.cpp
c:\users\turbotage\documents\gitrepos\nextgengine\core\src\vulkan\pipelines\vulkan_graphics_pipeline.cpp(8): error C2039: 'swapChainImageFormat': is not a member of 'ng::vulkan::Window'
  c:\users\turbotage\documents\gitrepos\nextgengine\core\src\vulkan\window.h(32): note: see declaration of 'ng::vulkan::Window'
c:\users\turbotage\documents\gitrepos\nextgengine\core\src\vulkan\pipelines\vulkan_graphics_pipeline.cpp(52): error C2065: 'm_Device': undeclared identifier
c:\users\turbotage\documents\gitrepos\nextgengine\core\src\vulkan\pipelines\vulkan_graphics_pipeline.cpp(58): error C2065: 'm_Device': undeclared identifier
c:\users\turbotage\documents\gitrepos\nextgengine\core\src\vulkan\pipelines\vulkan_graphics_pipeline.cpp(64): error C2065: 'm_Device': undeclared identifier
c:\users\turbotage\documents\gitrepos\nextgengine\core\src\vulkan\pipelines\vulkan_graphics_pipeline.cpp(101): error C2039: 'swapChainExtent': is not a member of 'ng::vulkan::Window'
  c:\users\turbotage\documents\gitrepos\nextgengine\core\src\vulkan\window.h(32): note: see declaration of 'ng::vulkan::Window'
c:\users\turbotage\documents\gitrepos\nextgengine\core\src\vulkan\pipelines\vulkan_graphics_pipeline.cpp(102): error C2039: 'swapChainExtent': is not a member of 'ng::vulkan::Window'
  c:\users\turbotage\documents\gitrepos\nextgengine\core\src\vulkan\window.h(32): note: see declaration of 'ng::vulkan::Window'
c:\users\turbotage\documents\gitrepos\nextgengine\core\src\vulkan\pipelines\vulkan_graphics_pipeline.cpp(108): error C2039: 'swapChainExtent': is not a member of 'ng::vulkan::Window'
  c:\users\turbotage\documents\gitrepos\nextgengine\core\src\vulkan\window.h(32): note: see declaration of 'ng::vulkan::Window'
c:\users\turbotage\documents\gitrepos\nextgengine\core\src\vulkan\pipelines\vulkan_graphics_pipeline.cpp(177): error C2065: 'm_Device': undeclared identifier
c:\users\turbotage\documents\gitrepos\nextgengine\core\src\vulkan\pipelines\vulkan_graphics_pipeline.cpp(200): error C2065: 'm_Device': undeclared identifier
c:\users\turbotage\documents\gitrepos\nextgengine\core\src\vulkan\pipelines\vulkan_graphics_pipeline.cpp(207): error C2065: 'm_Device': undeclared identifier
c:\users\turbotage\documents\gitrepos\nextgengine\core\src\vulkan\pipelines\vulkan_graphics_pipeline.cpp(208): error C2065: 'm_Device': undeclared identifier
c:\users\turbotage\documents\gitrepos\nextgengine\core\src\vulkan\pipelines\vulkan_graphics_pipeline.cpp(210): error C2065: 'm_Device': undeclared identifier
c:\users\turbotage\documents\gitrepos\nextgengine\core\src\vulkan\pipelines\vulkan_graphics_pipeline.cpp(213): error C2065: 'm_Device': undeclared identifier
c:\users\turbotage\documents\gitrepos\nextgengine\core\src\vulkan\pipelines\vulkan_graphics_pipeline.cpp(216): error C2065: 'm_Device': undeclared identifier
  vulkan_model.cpp
  uniform_grid.cpp
c:\users\turbotage\documents\gitrepos\nextgengine\core\src\datastructures\uniform_grid.h(44): error C2908: explicit specialization; 'std::hash<_Kty>' has already been instantiated
          with
          [
              _Kty=ng::dstructs::GridIndex
          ]
c:\users\turbotage\documents\gitrepos\nextgengine\core\src\datastructures\uniform_grid.h(49): error C2766: explicit specialization; 'std::hash<_Kty>' has already been defined
          with
          [
              _Kty=ng::dstructs::GridIndex
          ]
  c:\program files (x86)\microsoft visual studio\2017\community\vc\tools\msvc\14.15.26726\include\unordered_map(638): note: see previous definition of 'hash<ngm::Vec3s>'
c:\users\turbotage\documents\gitrepos\nextgengine\core\src\datastructures\uniform_grid.cpp(26): warning C4244: '=': conversion from 'float' to 'int16', possible loss of data
c:\users\turbotage\documents\gitrepos\nextgengine\core\src\datastructures\uniform_grid.cpp(29): warning C4244: '=': conversion from 'float' to 'int16', possible loss of data
c:\users\turbotage\documents\gitrepos\nextgengine\core\src\datastructures\uniform_grid.cpp(32): warning C4244: '=': conversion from 'float' to 'int16', possible loss of data
c:\users\turbotage\documents\gitrepos\nextgengine\core\src\datastructures\uniform_grid.cpp(35): warning C4244: '=': conversion from 'float' to 'int16', possible loss of data
c:\users\turbotage\documents\gitrepos\nextgengine\core\src\datastructures\uniform_grid.cpp(38): warning C4244: '=': conversion from 'float' to 'int16', possible loss of data
c:\users\turbotage\documents\gitrepos\nextgengine\core\src\datastructures\uniform_grid.cpp(41): warning C4244: '=': conversion from 'float' to 'int16', possible loss of data
c:\users\turbotage\documents\gitrepos\nextgengine\core\src\datastructures\uniform_grid.cpp(151): warning C4244: 'initializing': conversion from 'double' to 'float', possible loss of data
  vulkan_texture.cpp
c:\users\turbotage\documents\gitrepos\nextgengine\core\src\vulkan\vulkan_texture.h(32): error C2079: 'ng::vulkan::VulkanTexture::textureBuffer' uses undefined class 'ng::vulkan::VulkanBuffer'
c:\c&c++\libs\gli\include\gli\core\format.inl(27): error C2039: 'u8vec3': is not a member of 'glm'
  c:\c&c++\libs\glm\include\glm\ext\vector_uint1_precision.hpp(21): note: see declaration of 'glm'
c:\c&c++\libs\gli\include\gli\core\format.inl(27): error C3646: 'BlockExtent': unknown override specifier
c:\c&c++\libs\gli\include\gli\core\format.inl(27): error C4430: missing type specifier - int assumed. Note: C++ does not support default-int
c:\c&c++\libs\gli\include\gli\core\format.inl(39): error C2039: 'u8vec3': is not a member of 'glm'
  c:\c&c++\libs\glm\include\glm\ext\vector_uint1_precision.hpp(21): note: see declaration of 'glm'
c:\c&c++\libs\gli\include\gli\core\format.inl(39): error C3861: 'u8vec3': identifier not found
c:\c&c++\libs\gli\include\gli\core\format.inl(40): error C2039: 'u8vec3': is not a member of 'glm'
  c:\c&c++\libs\glm\include\glm\ext\vector_uint1_precision.hpp(21): note: see declaration of 'glm'
c:\c&c++\libs\gli\include\gli\core\format.inl(40): error C3861: 'u8vec3': identifier not found
c:\c&c++\libs\gli\include\gli\core\format.inl(41): error C2039: 'u8vec3': is not a member of 'glm'
  c:\c&c++\libs\glm\include\glm\ext\vector_uint1_precision.hpp(21): note: see declaration of 'glm'
c:\c&c++\libs\gli\include\gli\core\format.inl(41): error C3861: 'u8vec3': identifier not found
c:\c&c++\libs\gli\include\gli\core\format.inl(42): error C2039: 'u8vec3': is not a member of 'glm'
  c:\c&c++\libs\glm\include\glm\ext\vector_uint1_precision.hpp(21): note: see declaration of 'glm'
c:\c&c++\libs\gli\include\gli\core\format.inl(42): error C3861: 'u8vec3': identifier not found
c:\c&c++\libs\gli\include\gli\core\format.inl(43): error C2039: 'u8vec3': is not a member of 'glm'
  c:\c&c++\libs\glm\include\glm\ext\vector_uint1_precision.hpp(21): note: see declaration of 'glm'
c:\c&c++\libs\gli\include\gli\core\format.inl(43): error C3861: 'u8vec3': identifier not found
c:\c&c++\libs\gli\include\gli\core\format.inl(44): error C2039: 'u8vec3': is not a member of 'glm'
  c:\c&c++\libs\glm\include\glm\ext\vector_uint1_precision.hpp(21): note: see declaration of 'glm'
c:\c&c++\libs\gli\include\gli\core\format.inl(44): error C3861: 'u8vec3': identifier not found
c:\c&c++\libs\gli\include\gli\core\format.inl(45): error C2039: 'u8vec3': is not a member of 'glm'
  c:\c&c++\libs\glm\include\glm\ext\vector_uint1_precision.hpp(21): note: see declaration of 'glm'
c:\c&c++\libs\gli\include\gli\core\format.inl(45): error C3861: 'u8vec3': identifier not found
c:\c&c++\libs\gli\include\gli\core\format.inl(46): error C2039: 'u8vec3': is not a member of 'glm'
  c:\c&c++\libs\glm\include\glm\ext\vector_uint1_precision.hpp(21): note: see declaration of 'glm'
c:\c&c++\libs\gli\include\gli\core\format.inl(46): error C3861: 'u8vec3': identifier not found
c:\c&c++\libs\gli\include\gli\core\format.inl(48): error C2039: 'u8vec3': is not a member of 'glm'
  c:\c&c++\libs\glm\include\glm\ext\vector_uint1_precision.hpp(21): note: see declaration of 'glm'
c:\c&c++\libs\gli\include\gli\core\format.inl(48): error C3861: 'u8vec3': identifier not found
c:\c&c++\libs\gli\include\gli\core\format.inl(49): error C2039: 'u8vec3': is not a member of 'glm'
  c:\c&c++\libs\glm\include\glm\ext\vector_uint1_precision.hpp(21): note: see declaration of 'glm'
c:\c&c++\libs\gli\include\gli\core\format.inl(49): error C3861: 'u8vec3': identifier not found
c:\c&c++\libs\gli\include\gli\core\format.inl(50): error C2039: 'u8vec3': is not a member of 'glm'
  c:\c&c++\libs\glm\include\glm\ext\vector_uint1_precision.hpp(21): note: see declaration of 'glm'
c:\c&c++\libs\gli\include\gli\core\format.inl(50): error C3861: 'u8vec3': identifier not found
c:\c&c++\libs\gli\include\gli\core\format.inl(51): error C2039: 'u8vec3': is not a member of 'glm'
  c:\c&c++\libs\glm\include\glm\ext\vector_uint1_precision.hpp(21): note: see declaration of 'glm'
c:\c&c++\libs\gli\include\gli\core\format.inl(51): error C3861: 'u8vec3': identifier not found
c:\c&c++\libs\gli\include\gli\core\format.inl(52): error C2039: 'u8vec3': is not a member of 'glm'
  c:\c&c++\libs\glm\include\glm\ext\vector_uint1_precision.hpp(21): note: see declaration of 'glm'
c:\c&c++\libs\gli\include\gli\core\format.inl(52): error C3861: 'u8vec3': identifier not found
c:\c&c++\libs\gli\include\gli\core\format.inl(53): error C2039: 'u8vec3': is not a member of 'glm'
  c:\c&c++\libs\glm\include\glm\ext\vector_uint1_precision.hpp(21): note: see declaration of 'glm'
c:\c&c++\libs\gli\include\gli\core\format.inl(53): error C3861: 'u8vec3': identifier not found
c:\c&c++\libs\gli\include\gli\core\format.inl(54): error C2039: 'u8vec3': is not a member of 'glm'
  c:\c&c++\libs\glm\include\glm\ext\vector_uint1_precision.hpp(21): note: see declaration of 'glm'
c:\c&c++\libs\gli\include\gli\core\format.inl(54): error C3861: 'u8vec3': identifier not found
c:\c&c++\libs\gli\include\gli\core\format.inl(56): error C2039: 'u8vec3': is not a member of 'glm'
  c:\c&c++\libs\glm\include\glm\ext\vector_uint1_precision.hpp(21): note: see declaration of 'glm'
c:\c&c++\libs\gli\include\gli\core\format.inl(56): error C3861: 'u8vec3': identifier not found
c:\c&c++\libs\gli\include\gli\core\format.inl(57): error C2039: 'u8vec3': is not a member of 'glm'
  c:\c&c++\libs\glm\include\glm\ext\vector_uint1_precision.hpp(21): note: see declaration of 'glm'
c:\c&c++\libs\gli\include\gli\core\format.inl(57): error C3861: 'u8vec3': identifier not found
c:\c&c++\libs\gli\include\gli\core\format.inl(58): error C2039: 'u8vec3': is not a member of 'glm'
  c:\c&c++\libs\glm\include\glm\ext\vector_uint1_precision.hpp(21): note: see declaration of 'glm'
c:\c&c++\libs\gli\include\gli\core\format.inl(58): error C3861: 'u8vec3': identifier not found
c:\c&c++\libs\gli\include\gli\core\format.inl(59): error C2039: 'u8vec3': is not a member of 'glm'
  c:\c&c++\libs\glm\include\glm\ext\vector_uint1_precision.hpp(21): note: see declaration of 'glm'
c:\c&c++\libs\gli\include\gli\core\format.inl(59): error C3861: 'u8vec3': identifier not found
c:\c&c++\libs\gli\include\gli\core\format.inl(60): error C2039: 'u8vec3': is not a member of 'glm'
  c:\c&c++\libs\glm\include\glm\ext\vector_uint1_precision.hpp(21): note: see declaration of 'glm'
c:\c&c++\libs\gli\include\gli\core\format.inl(60): error C3861: 'u8vec3': identifier not found
c:\c&c++\libs\gli\include\gli\core\format.inl(61): error C2039: 'u8vec3': is not a member of 'glm'
  c:\c&c++\libs\glm\include\glm\ext\vector_uint1_precision.hpp(21): note: see declaration of 'glm'
c:\c&c++\libs\gli\include\gli\core\format.inl(61): error C3861: 'u8vec3': identifier not found
c:\c&c++\libs\gli\include\gli\core\format.inl(62): error C2039: 'u8vec3': is not a member of 'glm'
  c:\c&c++\libs\glm\include\glm\ext\vector_uint1_precision.hpp(21): note: see declaration of 'glm'
c:\c&c++\libs\gli\include\gli\core\format.inl(62): error C3861: 'u8vec3': identifier not found
c:\c&c++\libs\gli\include\gli\core\format.inl(64): error C2039: 'u8vec3': is not a member of 'glm'
  c:\c&c++\libs\glm\include\glm\ext\vector_uint1_precision.hpp(21): note: see declaration of 'glm'
c:\c&c++\libs\gli\include\gli\core\format.inl(64): error C3861: 'u8vec3': identifier not found
c:\c&c++\libs\gli\include\gli\core\format.inl(65): error C2039: 'u8vec3': is not a member of 'glm'
  c:\c&c++\libs\glm\include\glm\ext\vector_uint1_precision.hpp(21): note: see declaration of 'glm'
c:\c&c++\libs\gli\include\gli\core\format.inl(65): error C3861: 'u8vec3': identifier not found
c:\c&c++\libs\gli\include\gli\core\format.inl(66): error C2039: 'u8vec3': is not a member of 'glm'
  c:\c&c++\libs\glm\include\glm\ext\vector_uint1_precision.hpp(21): note: see declaration of 'glm'
c:\c&c++\libs\gli\include\gli\core\format.inl(66): error C3861: 'u8vec3': identifier not found
c:\c&c++\libs\gli\include\gli\core\format.inl(67): error C2039: 'u8vec3': is not a member of 'glm'
  c:\c&c++\libs\glm\include\glm\ext\vector_uint1_precision.hpp(21): note: see declaration of 'glm'
c:\c&c++\libs\gli\include\gli\core\format.inl(67): error C3861: 'u8vec3': identifier not found
c:\c&c++\libs\gli\include\gli\core\format.inl(68): error C2039: 'u8vec3': is not a member of 'glm'
  c:\c&c++\libs\glm\include\glm\ext\vector_uint1_precision.hpp(21): note: see declaration of 'glm'
c:\c&c++\libs\gli\include\gli\core\format.inl(68): error C3861: 'u8vec3': identifier not found
c:\c&c++\libs\gli\include\gli\core\format.inl(69): error C2039: 'u8vec3': is not a member of 'glm'
  c:\c&c++\libs\glm\include\glm\ext\vector_uint1_precision.hpp(21): note: see declaration of 'glm'
c:\c&c++\libs\gli\include\gli\core\format.inl(69): error C3861: 'u8vec3': identifier not found
c:\c&c++\libs\gli\include\gli\core\format.inl(70): error C2039: 'u8vec3': is not a member of 'glm'
  c:\c&c++\libs\glm\include\glm\ext\vector_uint1_precision.hpp(21): note: see declaration of 'glm'
c:\c&c++\libs\gli\include\gli\core\format.inl(70): error C3861: 'u8vec3': identifier not found
c:\c&c++\libs\gli\include\gli\core\format.inl(72): error C2039: 'u8vec3': is not a member of 'glm'
  c:\c&c++\libs\glm\include\glm\ext\vector_uint1_precision.hpp(21): note: see declaration of 'glm'
c:\c&c++\libs\gli\include\gli\core\format.inl(72): error C3861: 'u8vec3': identifier not found
c:\c&c++\libs\gli\include\gli\core\format.inl(73): error C2039: 'u8vec3': is not a member of 'glm'
  c:\c&c++\libs\glm\include\glm\ext\vector_uint1_precision.hpp(21): note: see declaration of 'glm'
c:\c&c++\libs\gli\include\gli\core\format.inl(73): error C3861: 'u8vec3': identifier not found
c:\c&c++\libs\gli\include\gli\core\format.inl(74): error C2039: 'u8vec3': is not a member of 'glm'
  c:\c&c++\libs\glm\include\glm\ext\vector_uint1_precision.hpp(21): note: see declaration of 'glm'
c:\c&c++\libs\gli\include\gli\core\format.inl(74): error C3861: 'u8vec3': identifier not found
c:\c&c++\libs\gli\include\gli\core\format.inl(75): error C2039: 'u8vec3': is not a member of 'glm'
  c:\c&c++\libs\glm\include\glm\ext\vector_uint1_precision.hpp(21): note: see declaration of 'glm'
c:\c&c++\libs\gli\include\gli\core\format.inl(75): error C3861: 'u8vec3': identifier not found
c:\c&c++\libs\gli\include\gli\core\format.inl(76): error C2039: 'u8vec3': is not a member of 'glm'
  c:\c&c++\libs\glm\include\glm\ext\vector_uint1_precision.hpp(21): note: see declaration of 'glm'
c:\c&c++\libs\gli\include\gli\core\format.inl(76): error C3861: 'u8vec3': identifier not found
c:\c&c++\libs\gli\include\gli\core\format.inl(77): error C2039: 'u8vec3': is not a member of 'glm'
  c:\c&c++\libs\glm\include\glm\ext\vector_uint1_precision.hpp(21): note: see declaration of 'glm'
c:\c&c++\libs\gli\include\gli\core\format.inl(77): error C3861: 'u8vec3': identifier not found
c:\c&c++\libs\gli\include\gli\core\format.inl(78): error C2039: 'u8vec3': is not a member of 'glm'
  c:\c&c++\libs\glm\include\glm\ext\vector_uint1_precision.hpp(21): note: see declaration of 'glm'
c:\c&c++\libs\gli\include\gli\core\format.inl(78): error C3861: 'u8vec3': identifier not found
c:\c&c++\libs\gli\include\gli\core\format.inl(80): error C2039: 'u8vec3': is not a member of 'glm'
  c:\c&c++\libs\glm\include\glm\ext\vector_uint1_precision.hpp(21): note: see declaration of 'glm'
c:\c&c++\libs\gli\include\gli\core\format.inl(80): error C3861: 'u8vec3': identifier not found
c:\c&c++\libs\gli\include\gli\core\format.inl(81): error C2039: 'u8vec3': is not a member of 'glm'
  c:\c&c++\libs\glm\include\glm\ext\vector_uint1_precision.hpp(21): note: see declaration of 'glm'
c:\c&c++\libs\gli\include\gli\core\format.inl(81): error C3861: 'u8vec3': identifier not found
c:\c&c++\libs\gli\include\gli\core\format.inl(82): error C2039: 'u8vec3': is not a member of 'glm'
  c:\c&c++\libs\glm\include\glm\ext\vector_uint1_precision.hpp(21): note: see declaration of 'glm'
c:\c&c++\libs\gli\include\gli\core\format.inl(82): error C3861: 'u8vec3': identifier not found
c:\c&c++\libs\gli\include\gli\core\format.inl(83): error C2039: 'u8vec3': is not a member of 'glm'
  c:\c&c++\libs\glm\include\glm\ext\vector_uint1_precision.hpp(21): note: see declaration of 'glm'
c:\c&c++\libs\gli\include\gli\core\format.inl(83): error C3861: 'u8vec3': identifier not found
c:\c&c++\libs\gli\include\gli\core\format.inl(84): error C2039: 'u8vec3': is not a member of 'glm'
  c:\c&c++\libs\glm\include\glm\ext\vector_uint1_precision.hpp(21): note: see declaration of 'glm'
c:\c&c++\libs\gli\include\gli\core\format.inl(84): error C3861: 'u8vec3': identifier not found
c:\c&c++\libs\gli\include\gli\core\format.inl(85): error C2039: 'u8vec3': is not a member of 'glm'
  c:\c&c++\libs\glm\include\glm\ext\vector_uint1_precision.hpp(21): note: see declaration of 'glm'
c:\c&c++\libs\gli\include\gli\core\format.inl(85): error C3861: 'u8vec3': identifier not found
c:\c&c++\libs\gli\include\gli\core\format.inl(86): error C2039: 'u8vec3': is not a member of 'glm'
  c:\c&c++\libs\glm\include\glm\ext\vector_uint1_precision.hpp(21): note: see declaration of 'glm'
c:\c&c++\libs\gli\include\gli\core\format.inl(86): error C3861: 'u8vec3': identifier not found
c:\c&c++\libs\gli\include\gli\core\format.inl(88): error C2039: 'u8vec3': is not a member of 'glm'
  c:\c&c++\libs\glm\include\glm\ext\vector_uint1_precision.hpp(21): note: see declaration of 'glm'
c:\c&c++\libs\gli\include\gli\core\format.inl(88): error C3861: 'u8vec3': identifier not found
c:\c&c++\libs\gli\include\gli\core\format.inl(89): error C2039: 'u8vec3': is not a member of 'glm'
  c:\c&c++\libs\glm\include\glm\ext\vector_uint1_precision.hpp(21): note: see declaration of 'glm'
c:\c&c++\libs\gli\include\gli\core\format.inl(89): error C3861: 'u8vec3': identifier not found
c:\c&c++\libs\gli\include\gli\core\format.inl(90): error C2039: 'u8vec3': is not a member of 'glm'
  c:\c&c++\libs\glm\include\glm\ext\vector_uint1_precision.hpp(21): note: see declaration of 'glm'
c:\c&c++\libs\gli\include\gli\core\format.inl(90): error C3861: 'u8vec3': identifier not found
c:\c&c++\libs\gli\include\gli\core\format.inl(91): error C2039: 'u8vec3': is not a member of 'glm'
  c:\c&c++\libs\glm\include\glm\ext\vector_uint1_precision.hpp(21): note: see declaration of 'glm'
c:\c&c++\libs\gli\include\gli\core\format.inl(91): error C3861: 'u8vec3': identifier not found
c:\c&c++\libs\gli\include\gli\core\format.inl(92): error C2039: 'u8vec3': is not a member of 'glm'
  c:\c&c++\libs\glm\include\glm\ext\vector_uint1_precision.hpp(21): note: see declaration of 'glm'
c:\c&c++\libs\gli\include\gli\core\format.inl(92): error C3861: 'u8vec3': identifier not found
c:\c&c++\libs\gli\include\gli\core\format.inl(93): error C2039: 'u8vec3': is not a member of 'glm'
  c:\c&c++\libs\glm\include\glm\ext\vector_uint1_precision.hpp(21): note: see declaration of 'glm'
c:\c&c++\libs\gli\include\gli\core\format.inl(93): error C3861: 'u8vec3': identifier not found
c:\c&c++\libs\gli\include\gli\core\format.inl(93): fatal error C1003: error count exceeds 100; stopping compilation
  vulkan_application.cpp
c:\users\turbotage\documents\gitrepos\nextgengine\core\src\vulkan\vulkan_application.cpp(33): warning C4305: 'initializing': truncation from 'int' to 'ng::vulkan::VulkanDeviceTypeFlags'
c:\users\turbotage\documents\gitrepos\nextgengine\core\src\vulkan\vulkan_application.cpp(65): warning C4305: 'initializing': truncation from 'int' to 'ng::vulkan::VulkanDeviceTypeFlags'
c:\users\turbotage\documents\gitrepos\nextgengine\core\src\vulkan\vulkan_application.cpp(84): warning C4305: 'initializing': truncation from 'ng::vulkan::VulkanDeviceTypeBits' to 'ng::vulkan::VulkanDeviceTypeFlags'
c:\users\turbotage\documents\gitrepos\nextgengine\core\src\vulkan\vulkan_application.cpp(100): warning C4305: 'initializing': truncation from 'int' to 'ng::vulkan::VulkanDeviceTypeFlags'
c:\program files (x86)\microsoft visual studio\2017\community\vc\tools\msvc\14.15.26726\include\xutility(2718): error C2280: 'ng::vulkan::VulkanDevice &ng::vulkan::VulkanDevice::operator =(const ng::vulkan::VulkanDevice &)': attempting to reference a deleted function
  c:\users\turbotage\documents\gitrepos\nextgengine\core\src\vulkan\vulkan_device.h(151): note: compiler has generated 'ng::vulkan::VulkanDevice::operator =' here
  c:\users\turbotage\documents\gitrepos\nextgengine\core\src\vulkan\vulkan_device.h(151): note: 'ng::vulkan::VulkanDevice &ng::vulkan::VulkanDevice::operator =(const ng::vulkan::VulkanDevice &)': function was implicitly deleted because 'ng::vulkan::VulkanDevice' has a user-defined move constructor
  c:\program files (x86)\microsoft visual studio\2017\community\vc\tools\msvc\14.15.26726\include\xutility(2737): note: see reference to function template instantiation '_OutIt std::_Move_unchecked1<_InIt,_OutIt>(_InIt,_InIt,_OutIt,std::_General_ptr_iterator_tag)' being compiled
          with
          [
              _OutIt=ng::vulkan::VulkanDevice *,
              _InIt=ng::vulkan::VulkanDevice *
          ]
  c:\program files (x86)\microsoft visual studio\2017\community\vc\tools\msvc\14.15.26726\include\vector(1561): note: see reference to function template instantiation '_OutIt *std::_Move_unchecked<ng::vulkan::VulkanDevice*,ng::vulkan::VulkanDevice*>(_InIt,_InIt,_OutIt)' being compiled
          with
          [
              _OutIt=ng::vulkan::VulkanDevice *,
              _InIt=ng::vulkan::VulkanDevice *
          ]
  c:\program files (x86)\microsoft visual studio\2017\community\vc\tools\msvc\14.15.26726\include\vector(1553): note: while compiling class template member function 'std::_Vector_iterator<std::_Vector_val<std::_Simple_types<_Ty>>> std::vector<_Ty,std::allocator<_Ty>>::erase(std::_Vector_const_iterator<std::_Vector_val<std::_Simple_types<_Ty>>>)'
          with
          [
              _Ty=ng::vulkan::VulkanDevice
          ]
  c:\users\turbotage\documents\gitrepos\nextgengine\core\src\vulkan\vulkan_application.cpp(77): note: see reference to function template instantiation 'std::_Vector_iterator<std::_Vector_val<std::_Simple_types<_Ty>>> std::vector<_Ty,std::allocator<_Ty>>::erase(std::_Vector_const_iterator<std::_Vector_val<std::_Simple_types<_Ty>>>)' being compiled
          with
          [
              _Ty=ng::vulkan::VulkanDevice
          ]
  c:\users\turbotage\documents\gitrepos\nextgengine\core\src\vulkan\vulkan_application.cpp(21): note: see reference to class template instantiation 'std::vector<ng::vulkan::VulkanDevice,std::allocator<_Ty>>' being compiled
          with
          [
              _Ty=ng::vulkan::VulkanDevice
          ]
  Generating Code...
c:\users\turbotage\documents\gitrepos\nextgengine\core\src\vulkan\graphicsobjects\vulkan_model.cpp(28): error C4716: 'ng::vulkan::VulkanModel::operator=': must return a value
