d:\vikto\documents\visual studio 2017\projects\nextgengine\core\x64\release\vc141.pdb
d:\vikto\documents\visual studio 2017\projects\nextgengine\core\x64\release\vulkan_allocator.obj
d:\vikto\documents\visual studio 2017\projects\nextgengine\core\x64\release\allocator.obj
d:\vikto\documents\visual studio 2017\projects\nextgengine\core\x64\release\vulkan_model.obj
d:\vikto\documents\visual studio 2017\projects\nextgengine\core\x64\release\vulkan_base.obj
d:\vikto\documents\visual studio 2017\projects\nextgengine\core\x64\release\vertex.obj
d:\vikto\documents\visual studio 2017\projects\nextgengine\core\x64\release\vec2.obj
d:\vikto\documents\visual studio 2017\projects\nextgengine\core\x64\release\vec4.obj
d:\vikto\documents\visual studio 2017\projects\nextgengine\core\x64\release\vec3.obj
d:\vikto\documents\visual studio 2017\projects\nextgengine\core\x64\release\mat4.obj
d:\vikto\documents\visual studio 2017\projects\nextgengine\core\x64\release\main.obj
d:\vikto\documents\visual studio 2017\projects\nextgengine\core\x64\release\debug.obj
d:\vikto\documents\visual studio 2017\projects\nextgengine\core\x64\release\entity.obj
d:\vikto\documents\visual studio 2017\projects\nextgengine\core\x64\release\mesh.obj
d:\vikto\documents\visual studio 2017\projects\nextgengine\core\x64\release\model.obj
d:\vikto\documents\visual studio 2017\projects\nextgengine\core\x64\release\quaternion.obj
d:\vikto\documents\visual studio 2017\projects\nextgengine\core\x64\release\dyn_vec.obj
d:\vikto\documents\visual studio 2017\projects\nextgengine\core\x64\release\dyn_mat.obj
d:\vikto\documents\visual studio 2017\projects\nextgengine\core\x64\release\core.tlog\cl.command.1.tlog
d:\vikto\documents\visual studio 2017\projects\nextgengine\core\x64\release\core.tlog\cl.read.1.tlog
d:\vikto\documents\visual studio 2017\projects\nextgengine\core\x64\release\core.tlog\cl.write.1.tlog
