  dyn_mat.cpp
  dyn_vec.cpp
  quaternion.cpp
  model.cpp
  mesh.cpp
  entity.cpp
  debug.cpp
  main.cpp
  mat4.cpp
src\math\mat4.cpp(230): warning C4244: 'initializing': conversion from 'double' to 'float', possible loss of data
  vec3.cpp
  vec4.cpp
  vec2.cpp
  vertex.cpp
  vulkan_base.cpp
  window.cpp
  vulkan_model.cpp
  allocator.cpp
src\Memory\VirtualMemoryAllocators\allocator.cpp(33): warning C4267: '=': conversion from 'size_t' to 'uint32', possible loss of data
src\Memory\VirtualMemoryAllocators\allocator.cpp(34): warning C4267: '=': conversion from 'size_t' to 'uint32', possible loss of data
src\Memory\VirtualMemoryAllocators\allocator.cpp(51): warning C4267: '=': conversion from 'size_t' to 'uint32', possible loss of data
  vulkan_allocator.cpp
  Generating code
  All 445 functions were compiled because no usable IPDB/IOBJ from previous compilation was found.
  Finished generating code
  Core.vcxproj -> D:\vikto\Documents\Visual Studio 2017\Projects\NextGengine\x64\Release\Core.exe
